2022-04-14 07:08:40 [pool-1-thread-1] INFO  c.m.d.k.p.c.s.i.TwitterKafkaProducer - Sending message='{"userId": 142833573215475199, "id": 8926725097744092526, "text": "elit purus ipsum sed Elasticsearch congue posuere magna", "createdAt": 1649884400000}' to topic='twitter-topic'
2022-04-14 07:08:51 [pool-1-thread-1] INFO  c.m.d.t.t.k.s.l.TwitterKafkaStatusListener - Received status text dolor Fusce adipiscing magna Kafka lectus purus dolor sending to kafka topic twitter-topic
2022-04-14 07:08:51 [pool-1-thread-1] INFO  c.m.d.k.p.c.s.i.TwitterKafkaProducer - Sending message='{"userId": 4281452564513888130, "id": 584016267538497385, "text": "dolor Fusce adipiscing magna Kafka lectus purus dolor", "createdAt": 1649920131000}' to topic='twitter-topic'
2022-04-14 07:09:06 [pool-1-thread-1] INFO  c.m.d.t.t.k.s.l.TwitterKafkaStatusListener - Received status text sit purus dolor porttitor Fusce massa lectus Microservices congue sit magna porttitor ultricies sending to kafka topic twitter-topic
2022-04-14 07:09:06 [pool-1-thread-1] INFO  c.m.d.k.p.c.s.i.TwitterKafkaProducer - Sending message='{"userId": 4003410777978655967, "id": 9002150354314754274, "text": "sit purus dolor porttitor Fusce massa lectus Microservices congue sit magna porttitor ultricies", "createdAt": 1649920146000}' to topic='twitter-topic'
2022-04-14 07:09:27 [pool-1-thread-1] INFO  c.m.d.t.t.k.s.l.TwitterKafkaStatusListener - Received status text amet ultricies dolor porttitor ultricies Maecenas pulvinar Fusce Microservices amet consectetuer Fusce porttitor porttitor dolor lectus sending to kafka topic twitter-topic
2022-04-14 07:09:27 [pool-1-thread-1] INFO  c.m.d.k.p.c.s.i.TwitterKafkaProducer - Sending message='{"userId": 4794251702670454972, "id": 5287227246176409017, "text": "amet ultricies dolor porttitor ultricies Maecenas pulvinar Fusce Microservices amet consectetuer Fusce porttitor porttitor dolor lectus", "createdAt": 1649920167000}' to topic='twitter-topic'
2022-04-14 07:09:37 [pool-1-thread-1] INFO  c.m.d.t.t.k.s.l.TwitterKafkaStatusListener - Received status text congue adipiscing libero ultricies ultricies Microservices lectus dolor posuere amet sending to kafka topic twitter-topic
2022-04-14 07:09:37 [pool-1-thread-1] INFO  c.m.d.k.p.c.s.i.TwitterKafkaProducer - Sending message='{"userId": 4498781957654306176, "id": 2021957619196320720, "text": "congue adipiscing libero ultricies ultricies Microservices lectus dolor posuere amet", "createdAt": 1649920177000}' to topic='twitter-topic'
2022-04-14 07:09:47 [pool-1-thread-1] INFO  c.m.d.t.t.k.s.l.TwitterKafkaStatusListener - Received status text ipsum magna sed dolor Fusce Elasticsearch sed elit amet Fusce sending to kafka topic twitter-topic
2022-04-14 07:09:47 [pool-1-thread-1] INFO  c.m.d.k.p.c.s.i.TwitterKafkaProducer - Sending message='{"userId": 2999778156169964061, "id": 7585511667781815560, "text": "ipsum magna sed dolor Fusce Elasticsearch sed elit amet Fusce", "createdAt": 1649920187000}' to topic='twitter-topic'
2022-04-14 07:09:57 [pool-1-thread-1] INFO  c.m.d.t.t.k.s.l.TwitterKafkaStatusListener - Received status text magna elit consectetuer pulvinar sed lectus adipiscing Microservices porttitor purus Maecenas lectus amet elit sending to kafka topic twitter-topic
2022-04-14 07:09:57 [pool-1-thread-1] INFO  c.m.d.k.p.c.s.i.TwitterKafkaProducer - Sending message='{"userId": 594336546934791318, "id": 2620800123123166397, "text": "magna elit consectetuer pulvinar sed lectus adipiscing Microservices porttitor purus Maecenas lectus amet elit", "createdAt": 1649920197000}' to topic='twitter-topic'
2022-04-14 07:10:08 [pool-1-thread-1] INFO  c.m.d.t.t.k.s.l.TwitterKafkaStatusListener - Received status text pulvinar consectetuer consectetuer porttitor Lorem magna purus Elasticsearch magna massa sit elit adipiscing sending to kafka topic twitter-topic
2022-04-14 07:10:08 [pool-1-thread-1] INFO  c.m.d.k.p.c.s.i.TwitterKafkaProducer - Sending message='{"userId": 3480781081708184539, "id": 3947604251355228635, "text": "pulvinar consectetuer consectetuer porttitor Lorem magna purus Elasticsearch magna massa sit elit adipiscing", "createdAt": 1649920208000}' to topic='twitter-topic'
2022-04-14 07:10:18 [pool-1-thread-1] INFO  c.m.d.t.t.k.s.l.TwitterKafkaStatusListener - Received status text ipsum purus magna elit sit libero sed Java sit congue pulvinar porttitor ultricies Lorem sending to kafka topic twitter-topic
2022-04-14 07:10:18 [pool-1-thread-1] INFO  c.m.d.k.p.c.s.i.TwitterKafkaProducer - Sending message='{"userId": 2935791845917036749, "id": 5734212122655693940, "text": "ipsum purus magna elit sit libero sed Java sit congue pulvinar porttitor ultricies Lorem", "createdAt": 1649920218000}' to topic='twitter-topic'
2022-04-14 07:43:33 [pool-1-thread-1] INFO  c.m.d.t.t.k.s.l.TwitterKafkaStatusListener - Received status text amet porttitor Lorem ipsum pulvinar amet magna Microservices amet porttitor malesuada purus porttitor consectetuer sending to kafka topic twitter-topic
2022-04-14 07:43:33 [pool-1-thread-1] INFO  c.m.d.k.p.c.s.i.TwitterKafkaProducer - Sending message='{"userId": 3316469841751195101, "id": 5084275473256486526, "text": "amet porttitor Lorem ipsum pulvinar amet magna Microservices amet porttitor malesuada purus porttitor consectetuer", "createdAt": 1649922213000}' to topic='twitter-topic'
2022-04-14 07:43:43 [pool-1-thread-1] INFO  c.m.d.t.t.k.s.l.TwitterKafkaStatusListener - Received status text libero lectus consectetuer ultricies Lorem pulvinar posuere Java porttitor purus Fusce congue elit purus sending to kafka topic twitter-topic
2022-04-14 07:43:43 [pool-1-thread-1] INFO  c.m.d.k.p.c.s.i.TwitterKafkaProducer - Sending message='{"userId": 9128375506018893913, "id": 8886585610316463105, "text": "libero lectus consectetuer ultricies Lorem pulvinar posuere Java porttitor purus Fusce congue elit purus", "createdAt": 1649922223000}' to topic='twitter-topic'
2022-04-14 07:43:53 [pool-1-thread-1] INFO  c.m.d.t.t.k.s.l.TwitterKafkaStatusListener - Received status text posuere consectetuer Fusce ipsum malesuada massa ultricies sit Microservices sed ultricies ultricies libero sit sit elit sending to kafka topic twitter-topic
2022-04-14 07:43:53 [pool-1-thread-1] INFO  c.m.d.k.p.c.s.i.TwitterKafkaProducer - Sending message='{"userId": 4532761275265897353, "id": 701999395548789174, "text": "posuere consectetuer Fusce ipsum malesuada massa ultricies sit Microservices sed ultricies ultricies libero sit sit elit", "createdAt": 1649922233000}' to topic='twitter-topic'
2022-04-14 07:44:03 [pool-1-thread-1] INFO  c.m.d.t.t.k.s.l.TwitterKafkaStatusListener - Received status text Fusce ultricies libero malesuada Fusce Kafka Fusce elit pulvinar ipsum sending to kafka topic twitter-topic
2022-04-14 07:44:03 [pool-1-thread-1] INFO  c.m.d.k.p.c.s.i.TwitterKafkaProducer - Sending message='{"userId": 3575263681028852475, "id": 269840948582698961, "text": "Fusce ultricies libero malesuada Fusce Kafka Fusce elit pulvinar ipsum", "createdAt": 1649922243000}' to topic='twitter-topic'
2022-04-14 07:44:13 [pool-1-thread-1] INFO  c.m.d.t.t.k.s.l.TwitterKafkaStatusListener - Received status text malesuada amet amet Microservices consectetuer Maecenas sending to kafka topic twitter-topic
2022-04-14 07:44:13 [pool-1-thread-1] INFO  c.m.d.k.p.c.s.i.TwitterKafkaProducer - Sending message='{"userId": 1669090194294830491, "id": 6795784381689992417, "text": "malesuada amet amet Microservices consectetuer Maecenas", "createdAt": 1649922253000}' to topic='twitter-topic'
2022-04-14 07:44:23 [pool-1-thread-1] INFO  c.m.d.t.t.k.s.l.TwitterKafkaStatusListener - Received status text Lorem malesuada consectetuer Elasticsearch ipsum consectetuer sending to kafka topic twitter-topic
2022-04-14 07:44:23 [pool-1-thread-1] INFO  c.m.d.k.p.c.s.i.TwitterKafkaProducer - Sending message='{"userId": 7351275797554718217, "id": 2912827276888022734, "text": "Lorem malesuada consectetuer Elasticsearch ipsum consectetuer", "createdAt": 1649922263000}' to topic='twitter-topic'
2022-04-14 07:53:31 [pool-1-thread-1] INFO  c.m.d.t.t.k.s.l.TwitterKafkaStatusListener - Received status text adipiscing congue libero adipiscing lectus magna Microservices posuere lectus ultricies consectetuer sending to kafka topic twitter-topic
2022-04-14 07:53:31 [pool-1-thread-1] INFO  c.m.d.k.p.c.s.i.TwitterKafkaProducer - Sending message='{"userId": 2785455768462530763, "id": 7310213612762457957, "text": "adipiscing congue libero adipiscing lectus magna Microservices posuere lectus ultricies consectetuer", "createdAt": 1649922811000}' to topic='twitter-topic'
2022-04-14 07:53:41 [pool-1-thread-1] INFO  c.m.d.t.t.k.s.l.TwitterKafkaStatusListener - Received status text congue Fusce elit Java amet ipsum sending to kafka topic twitter-topic
2022-04-14 07:53:41 [pool-1-thread-1] INFO  c.m.d.k.p.c.s.i.TwitterKafkaProducer - Sending message='{"userId": 7511201652068870432, "id": 1382103372118893104, "text": "congue Fusce elit Java amet ipsum", "createdAt": 1649922821000}' to topic='twitter-topic'
2022-04-14 07:53:51 [pool-1-thread-1] INFO  c.m.d.t.t.k.s.l.TwitterKafkaStatusListener - Received status text purus adipiscing adipiscing Maecenas elit libero Kafka porttitor ipsum sed sit sending to kafka topic twitter-topic
2022-04-14 07:53:51 [pool-1-thread-1] INFO  c.m.d.k.p.c.s.i.TwitterKafkaProducer - Sending message='{"userId": 6431467228530753633, "id": 1351690062829542410, "text": "purus adipiscing adipiscing Maecenas elit libero Kafka porttitor ipsum sed sit", "createdAt": 1649922831000}' to topic='twitter-topic'
2022-04-14 07:54:01 [pool-1-thread-1] INFO  c.m.d.t.t.k.s.l.TwitterKafkaStatusListener - Received status text amet dolor consectetuer adipiscing dolor malesuada malesuada porttitor Java dolor congue sit sed magna congue sending to kafka topic twitter-topic
2022-04-14 07:54:01 [pool-1-thread-1] INFO  c.m.d.k.p.c.s.i.TwitterKafkaProducer - Sending message='{"userId": 4404239643498040987, "id": 909682288652558861, "text": "amet dolor consectetuer adipiscing dolor malesuada malesuada porttitor Java dolor congue sit sed magna congue", "createdAt": 1649922841000}' to topic='twitter-topic'
2022-04-14 07:54:11 [pool-1-thread-1] INFO  c.m.d.t.t.k.s.l.TwitterKafkaStatusListener - Received status text pulvinar dolor malesuada Fusce elit lectus malesuada Kafka purus dolor Maecenas sed purus sending to kafka topic twitter-topic
2022-04-14 07:54:11 [pool-1-thread-1] INFO  c.m.d.k.p.c.s.i.TwitterKafkaProducer - Sending message='{"userId": 1852736161896426694, "id": 4857272046501954690, "text": "pulvinar dolor malesuada Fusce elit lectus malesuada Kafka purus dolor Maecenas sed purus", "createdAt": 1649922851000}' to topic='twitter-topic'
2022-04-14 07:54:22 [pool-1-thread-1] INFO  c.m.d.t.t.k.s.l.TwitterKafkaStatusListener - Received status text ultricies Lorem amet sit magna Microservices dolor pulvinar libero libero sending to kafka topic twitter-topic
2022-04-14 07:54:22 [pool-1-thread-1] INFO  c.m.d.k.p.c.s.i.TwitterKafkaProducer - Sending message='{"userId": 6493025243643733688, "id": 8941092768731003459, "text": "ultricies Lorem amet sit magna Microservices dolor pulvinar libero libero", "createdAt": 1649922862000}' to topic='twitter-topic'
2022-04-14 07:55:24 [pool-1-thread-1] INFO  c.m.d.t.t.k.s.l.TwitterKafkaStatusListener - Received status text sed ultricies posuere pulvinar libero Microservices congue posuere magna sending to kafka topic twitter-topic
2022-04-14 07:55:24 [pool-1-thread-1] INFO  c.m.d.k.p.c.s.i.TwitterKafkaProducer - Sending message='{"userId": 3882156841859490558, "id": 4537189740051765942, "text": "sed ultricies posuere pulvinar libero Microservices congue posuere magna", "createdAt": 1649922924000}' to topic='twitter-topic'
2022-04-14 07:55:34 [pool-1-thread-1] INFO  c.m.d.t.t.k.s.l.TwitterKafkaStatusListener - Received status text lectus purus elit sit congue libero Elasticsearch lectus massa lectus purus posuere sending to kafka topic twitter-topic
2022-04-14 07:55:34 [pool-1-thread-1] INFO  c.m.d.k.p.c.s.i.TwitterKafkaProducer - Sending message='{"userId": 5596801881565717549, "id": 8617340124848892530, "text": "lectus purus elit sit congue libero Elasticsearch lectus massa lectus purus posuere", "createdAt": 1649922934000}' to topic='twitter-topic'
2022-04-14 07:55:44 [pool-1-thread-1] INFO  c.m.d.t.t.k.s.l.TwitterKafkaStatusListener - Received status text posuere Fusce purus posuere elit lectus Maecenas Microservices amet magna amet Fusce massa sending to kafka topic twitter-topic
2022-04-14 07:55:44 [pool-1-thread-1] INFO  c.m.d.k.p.c.s.i.TwitterKafkaProducer - Sending message='{"userId": 3705790934625911906, "id": 2630146205556726248, "text": "posuere Fusce purus posuere elit lectus Maecenas Microservices amet magna amet Fusce massa", "createdAt": 1649922944000}' to topic='twitter-topic'
2022-04-14 07:55:54 [pool-1-thread-1] INFO  c.m.d.t.t.k.s.l.TwitterKafkaStatusListener - Received status text purus dolor magna Kafka lectus Lorem sending to kafka topic twitter-topic
2022-04-14 07:55:54 [pool-1-thread-1] INFO  c.m.d.k.p.c.s.i.TwitterKafkaProducer - Sending message='{"userId": 625116988602895614, "id": 3425647114216947645, "text": "purus dolor magna Kafka lectus Lorem", "createdAt": 1649922954000}' to topic='twitter-topic'
2022-04-14 07:56:05 [pool-1-thread-1] INFO  c.m.d.t.t.k.s.l.TwitterKafkaStatusListener - Received status text magna sed elit sit Maecenas ipsum Kafka sit dolor magna porttitor sending to kafka topic twitter-topic
2022-04-14 07:56:05 [pool-1-thread-1] INFO  c.m.d.k.p.c.s.i.TwitterKafkaProducer - Sending message='{"userId": 8568887442621694575, "id": 7567497036247405010, "text": "magna sed elit sit Maecenas ipsum Kafka sit dolor magna porttitor", "createdAt": 1649922964000}' to topic='twitter-topic'
2022-04-14 07:56:15 [pool-1-thread-1] INFO  c.m.d.t.t.k.s.l.TwitterKafkaStatusListener - Received status text adipiscing congue Lorem adipiscing posuere sit libero Elasticsearch Lorem sit congue Maecenas pulvinar sending to kafka topic twitter-topic
2022-04-14 07:56:15 [pool-1-thread-1] INFO  c.m.d.k.p.c.s.i.TwitterKafkaProducer - Sending message='{"userId": 3729851497270033124, "id": 5687537922066188339, "text": "adipiscing congue Lorem adipiscing posuere sit libero Elasticsearch Lorem sit congue Maecenas pulvinar", "createdAt": 1649922975000}' to topic='twitter-topic'
2022-04-14 07:56:25 [pool-1-thread-1] INFO  c.m.d.t.t.k.s.l.TwitterKafkaStatusListener - Received status text adipiscing porttitor posuere Java malesuada posuere sending to kafka topic twitter-topic
2022-04-14 07:56:25 [pool-1-thread-1] INFO  c.m.d.k.p.c.s.i.TwitterKafkaProducer - Sending message='{"userId": 2332198755324962932, "id": 2914423701384708969, "text": "adipiscing porttitor posuere Java malesuada posuere", "createdAt": 1649922985000}' to topic='twitter-topic'
2022-04-14 07:56:35 [pool-1-thread-1] INFO  c.m.d.t.t.k.s.l.TwitterKafkaStatusListener - Received status text amet lectus sit pulvinar porttitor Java sed ipsum Lorem ultricies sending to kafka topic twitter-topic
2022-04-14 07:56:35 [pool-1-thread-1] INFO  c.m.d.k.p.c.s.i.TwitterKafkaProducer - Sending message='{"userId": 6548724732072379471, "id": 4828404743644825556, "text": "amet lectus sit pulvinar porttitor Java sed ipsum Lorem ultricies", "createdAt": 1649922995000}' to topic='twitter-topic'
2022-04-14 07:56:45 [pool-1-thread-1] INFO  c.m.d.t.t.k.s.l.TwitterKafkaStatusListener - Received status text Fusce purus malesuada purus libero Lorem magna Elasticsearch amet elit adipiscing dolor amet Maecenas sending to kafka topic twitter-topic
2022-04-14 07:56:45 [pool-1-thread-1] INFO  c.m.d.k.p.c.s.i.TwitterKafkaProducer - Sending message='{"userId": 1626387942586725214, "id": 7384992487675861914, "text": "Fusce purus malesuada purus libero Lorem magna Elasticsearch amet elit adipiscing dolor amet Maecenas", "createdAt": 1649923005000}' to topic='twitter-topic'
2022-04-14 07:56:55 [pool-1-thread-1] INFO  c.m.d.t.t.k.s.l.TwitterKafkaStatusListener - Received status text Fusce ipsum Lorem consectetuer Java ipsum ultricies dolor sending to kafka topic twitter-topic
2022-04-14 07:56:55 [pool-1-thread-1] INFO  c.m.d.k.p.c.s.i.TwitterKafkaProducer - Sending message='{"userId": 6287246649215852605, "id": 1471251114606546168, "text": "Fusce ipsum Lorem consectetuer Java ipsum ultricies dolor", "createdAt": 1649923015000}' to topic='twitter-topic'
2022-04-14 07:57:05 [pool-1-thread-1] INFO  c.m.d.t.t.k.s.l.TwitterKafkaStatusListener - Received status text ultricies elit massa Java purus Fusce sending to kafka topic twitter-topic
2022-04-14 07:57:05 [pool-1-thread-1] INFO  c.m.d.k.p.c.s.i.TwitterKafkaProducer - Sending message='{"userId": 531586355696530534, "id": 977743232659007875, "text": "ultricies elit massa Java purus Fusce", "createdAt": 1649923025000}' to topic='twitter-topic'
2022-04-14 07:57:15 [pool-1-thread-1] INFO  c.m.d.t.t.k.s.l.TwitterKafkaStatusListener - Received status text magna elit ipsum Lorem pulvinar sit Java sed malesuada magna libero sending to kafka topic twitter-topic
2022-04-14 07:57:15 [pool-1-thread-1] INFO  c.m.d.k.p.c.s.i.TwitterKafkaProducer - Sending message='{"userId": 6817580019784496070, "id": 6960906246630647682, "text": "magna elit ipsum Lorem pulvinar sit Java sed malesuada magna libero", "createdAt": 1649923035000}' to topic='twitter-topic'
2022-04-14 07:57:25 [pool-1-thread-1] INFO  c.m.d.t.t.k.s.l.TwitterKafkaStatusListener - Received status text malesuada sit consectetuer amet ultricies Lorem lectus Elasticsearch consectetuer Fusce Maecenas magna purus sending to kafka topic twitter-topic
2022-04-14 07:57:25 [pool-1-thread-1] INFO  c.m.d.k.p.c.s.i.TwitterKafkaProducer - Sending message='{"userId": 984021802848721832, "id": 3333660416542896425, "text": "malesuada sit consectetuer amet ultricies Lorem lectus Elasticsearch consectetuer Fusce Maecenas magna purus", "createdAt": 1649923045000}' to topic='twitter-topic'
2022-04-14 07:57:35 [pool-1-thread-1] INFO  c.m.d.t.t.k.s.l.TwitterKafkaStatusListener - Received status text malesuada Lorem purus sed adipiscing Elasticsearch sed Maecenas ultricies sending to kafka topic twitter-topic
2022-04-14 07:57:35 [pool-1-thread-1] INFO  c.m.d.k.p.c.s.i.TwitterKafkaProducer - Sending message='{"userId": 2278900197146870567, "id": 8809337117621362025, "text": "malesuada Lorem purus sed adipiscing Elasticsearch sed Maecenas ultricies", "createdAt": 1649923055000}' to topic='twitter-topic'
2022-04-14 07:57:45 [pool-1-thread-1] INFO  c.m.d.t.t.k.s.l.TwitterKafkaStatusListener - Received status text posuere Fusce pulvinar purus libero ultricies posuere massa Kafka pulvinar Fusce purus Lorem libero consectetuer sed sending to kafka topic twitter-topic
2022-04-14 07:57:45 [pool-1-thread-1] INFO  c.m.d.k.p.c.s.i.TwitterKafkaProducer - Sending message='{"userId": 6674924003802321440, "id": 4269122428951453301, "text": "posuere Fusce pulvinar purus libero ultricies posuere massa Kafka pulvinar Fusce purus Lorem libero consectetuer sed", "createdAt": 1649923065000}' to topic='twitter-topic'
2022-04-14 07:57:55 [pool-1-thread-1] INFO  c.m.d.t.t.k.s.l.TwitterKafkaStatusListener - Received status text massa Lorem Maecenas Maecenas Microservices purus pulvinar dolor sending to kafka topic twitter-topic
2022-04-14 07:57:55 [pool-1-thread-1] INFO  c.m.d.k.p.c.s.i.TwitterKafkaProducer - Sending message='{"userId": 7645738104281954030, "id": 7223101647904452616, "text": "massa Lorem Maecenas Maecenas Microservices purus pulvinar dolor", "createdAt": 1649923075000}' to topic='twitter-topic'
2022-04-14 07:58:07 [pool-1-thread-1] INFO  c.m.d.t.t.k.s.l.TwitterKafkaStatusListener - Received status text magna Fusce amet lectus Elasticsearch ultricies posuere sending to kafka topic twitter-topic
2022-04-14 07:58:07 [pool-1-thread-1] INFO  c.m.d.k.p.c.s.i.TwitterKafkaProducer - Sending message='{"userId": 596428688556007340, "id": 3076540459128369358, "text": "magna Fusce amet lectus Elasticsearch ultricies posuere", "createdAt": 1649923087000}' to topic='twitter-topic'
2022-04-14 07:58:17 [pool-1-thread-1] INFO  c.m.d.t.t.k.s.l.TwitterKafkaStatusListener - Received status text dolor pulvinar posuere posuere posuere porttitor porttitor sed Microservices pulvinar adipiscing libero posuere Maecenas sit magna sending to kafka topic twitter-topic
2022-04-14 07:58:17 [pool-1-thread-1] INFO  c.m.d.k.p.c.s.i.TwitterKafkaProducer - Sending message='{"userId": 7794886809002298903, "id": 6585343242673171114, "text": "dolor pulvinar posuere posuere posuere porttitor porttitor sed Microservices pulvinar adipiscing libero posuere Maecenas sit magna", "createdAt": 1649923097000}' to topic='twitter-topic'
2022-04-14 09:03:59 [pool-1-thread-1] INFO  c.m.d.t.t.k.s.l.TwitterKafkaStatusListener - Received status text Maecenas Maecenas purus adipiscing pulvinar Fusce consectetuer Java magna magna lectus ipsum dolor sed sending to kafka topic twitter-topic
2022-04-14 09:03:59 [pool-1-thread-1] INFO  c.m.d.k.p.c.s.i.TwitterKafkaProducer - Sending message='{"userId": 575260852096355006, "id": 2501056539338493833, "text": "Maecenas Maecenas purus adipiscing pulvinar Fusce consectetuer Java magna magna lectus ipsum dolor sed", "createdAt": 1649927039000}' to topic='twitter-topic'
2022-04-14 09:04:09 [pool-1-thread-1] INFO  c.m.d.t.t.k.s.l.TwitterKafkaStatusListener - Received status text congue sed ipsum Lorem Fusce Maecenas Lorem Java porttitor purus ultricies consectetuer purus sending to kafka topic twitter-topic
2022-04-14 09:04:09 [pool-1-thread-1] INFO  c.m.d.k.p.c.s.i.TwitterKafkaProducer - Sending message='{"userId": 735757140062012201, "id": 4110332555698489531, "text": "congue sed ipsum Lorem Fusce Maecenas Lorem Java porttitor purus ultricies consectetuer purus", "createdAt": 1649927049000}' to topic='twitter-topic'
2022-04-14 09:04:19 [pool-1-thread-1] INFO  c.m.d.t.t.k.s.l.TwitterKafkaStatusListener - Received status text Lorem pulvinar sed pulvinar Fusce congue ipsum Elasticsearch libero elit consectetuer Maecenas consectetuer sed sending to kafka topic twitter-topic
2022-04-14 09:04:19 [pool-1-thread-1] INFO  c.m.d.k.p.c.s.i.TwitterKafkaProducer - Sending message='{"userId": 1619551403287851971, "id": 7283370272009701858, "text": "Lorem pulvinar sed pulvinar Fusce congue ipsum Elasticsearch libero elit consectetuer Maecenas consectetuer sed", "createdAt": 1649927059000}' to topic='twitter-topic'
2022-04-14 09:04:29 [pool-1-thread-1] INFO  c.m.d.t.t.k.s.l.TwitterKafkaStatusListener - Received status text pulvinar ultricies Maecenas Microservices sit porttitor sending to kafka topic twitter-topic
2022-04-14 09:04:29 [pool-1-thread-1] INFO  c.m.d.k.p.c.s.i.TwitterKafkaProducer - Sending message='{"userId": 6064830928104860504, "id": 1864824387358458093, "text": "pulvinar ultricies Maecenas Microservices sit porttitor", "createdAt": 1649927069000}' to topic='twitter-topic'
2022-04-14 09:04:39 [pool-1-thread-1] INFO  c.m.d.t.t.k.s.l.TwitterKafkaStatusListener - Received status text consectetuer adipiscing massa Elasticsearch libero sed sending to kafka topic twitter-topic
2022-04-14 09:04:39 [pool-1-thread-1] INFO  c.m.d.k.p.c.s.i.TwitterKafkaProducer - Sending message='{"userId": 2818449166735088878, "id": 636296476722562662, "text": "consectetuer adipiscing massa Elasticsearch libero sed", "createdAt": 1649927079000}' to topic='twitter-topic'
2022-04-14 09:04:49 [pool-1-thread-1] INFO  c.m.d.t.t.k.s.l.TwitterKafkaStatusListener - Received status text Fusce Maecenas pulvinar libero sit consectetuer magna Microservices sed ipsum malesuada dolor libero massa sending to kafka topic twitter-topic
2022-04-14 09:04:49 [pool-1-thread-1] INFO  c.m.d.k.p.c.s.i.TwitterKafkaProducer - Sending message='{"userId": 7474992582228220218, "id": 6458454248930350834, "text": "Fusce Maecenas pulvinar libero sit consectetuer magna Microservices sed ipsum malesuada dolor libero massa", "createdAt": 1649927089000}' to topic='twitter-topic'
2022-04-14 09:04:59 [pool-1-thread-1] INFO  c.m.d.t.t.k.s.l.TwitterKafkaStatusListener - Received status text dolor pulvinar libero massa congue sed Java elit Lorem porttitor amet sending to kafka topic twitter-topic
2022-04-14 09:04:59 [pool-1-thread-1] INFO  c.m.d.k.p.c.s.i.TwitterKafkaProducer - Sending message='{"userId": 1131954858029860945, "id": 1634580636254572608, "text": "dolor pulvinar libero massa congue sed Java elit Lorem porttitor amet", "createdAt": 1649927099000}' to topic='twitter-topic'
2022-04-14 09:05:09 [pool-1-thread-1] INFO  c.m.d.t.t.k.s.l.TwitterKafkaStatusListener - Received status text elit malesuada lectus Kafka elit Lorem sending to kafka topic twitter-topic
2022-04-14 09:05:09 [pool-1-thread-1] INFO  c.m.d.k.p.c.s.i.TwitterKafkaProducer - Sending message='{"userId": 7848959408626585255, "id": 6274229842466811204, "text": "elit malesuada lectus Kafka elit Lorem", "createdAt": 1649927109000}' to topic='twitter-topic'
2022-04-14 09:05:19 [pool-1-thread-1] INFO  c.m.d.t.t.k.s.l.TwitterKafkaStatusListener - Received status text adipiscing massa adipiscing Lorem Elasticsearch sed amet porttitor sending to kafka topic twitter-topic
2022-04-14 09:05:19 [pool-1-thread-1] INFO  c.m.d.k.p.c.s.i.TwitterKafkaProducer - Sending message='{"userId": 8153329984185206019, "id": 1800396007906803250, "text": "adipiscing massa adipiscing Lorem Elasticsearch sed amet porttitor", "createdAt": 1649927119000}' to topic='twitter-topic'
2022-04-14 09:05:29 [pool-1-thread-1] INFO  c.m.d.t.t.k.s.l.TwitterKafkaStatusListener - Received status text ultricies Fusce malesuada Lorem elit Kafka libero consectetuer magna sending to kafka topic twitter-topic
2022-04-14 09:05:29 [pool-1-thread-1] INFO  c.m.d.k.p.c.s.i.TwitterKafkaProducer - Sending message='{"userId": 3425856756947378110, "id": 26272153989140717, "text": "ultricies Fusce malesuada Lorem elit Kafka libero consectetuer magna", "createdAt": 1649927129000}' to topic='twitter-topic'
2022-04-14 09:05:39 [pool-1-thread-1] INFO  c.m.d.t.t.k.s.l.TwitterKafkaStatusListener - Received status text Lorem ultricies magna congue congue massa pulvinar Microservices Fusce ipsum consectetuer purus magna libero sending to kafka topic twitter-topic
2022-04-14 09:05:39 [pool-1-thread-1] INFO  c.m.d.k.p.c.s.i.TwitterKafkaProducer - Sending message='{"userId": 2309076126509420706, "id": 8794197002992944729, "text": "Lorem ultricies magna congue congue massa pulvinar Microservices Fusce ipsum consectetuer purus magna libero", "createdAt": 1649927139000}' to topic='twitter-topic'
2022-04-14 09:05:49 [pool-1-thread-1] INFO  c.m.d.t.t.k.s.l.TwitterKafkaStatusListener - Received status text amet adipiscing massa purus pulvinar sit Elasticsearch sit Maecenas Lorem elit lectus sending to kafka topic twitter-topic
2022-04-14 09:05:49 [pool-1-thread-1] INFO  c.m.d.k.p.c.s.i.TwitterKafkaProducer - Sending message='{"userId": 6798594555127449139, "id": 3801195139498823130, "text": "amet adipiscing massa purus pulvinar sit Elasticsearch sit Maecenas Lorem elit lectus", "createdAt": 1649927149000}' to topic='twitter-topic'
2022-04-14 09:05:59 [pool-1-thread-1] INFO  c.m.d.t.t.k.s.l.TwitterKafkaStatusListener - Received status text massa malesuada amet pulvinar ipsum massa massa Kafka purus elit pulvinar ultricies congue sending to kafka topic twitter-topic
2022-04-14 09:05:59 [pool-1-thread-1] INFO  c.m.d.k.p.c.s.i.TwitterKafkaProducer - Sending message='{"userId": 3994907604837619171, "id": 4493509907028894977, "text": "massa malesuada amet pulvinar ipsum massa massa Kafka purus elit pulvinar ultricies congue", "createdAt": 1649927159000}' to topic='twitter-topic'
2022-04-14 09:06:09 [pool-1-thread-1] INFO  c.m.d.t.t.k.s.l.TwitterKafkaStatusListener - Received status text amet consectetuer amet amet magna massa sed Maecenas Java Lorem libero posuere lectus ultricies lectus libero sending to kafka topic twitter-topic
2022-04-14 09:06:09 [pool-1-thread-1] INFO  c.m.d.k.p.c.s.i.TwitterKafkaProducer - Sending message='{"userId": 1321606506295815521, "id": 1180715115407904522, "text": "amet consectetuer amet amet magna massa sed Maecenas Java Lorem libero posuere lectus ultricies lectus libero", "createdAt": 1649927169000}' to topic='twitter-topic'
2022-04-14 09:06:19 [pool-1-thread-1] INFO  c.m.d.t.t.k.s.l.TwitterKafkaStatusListener - Received status text Maecenas massa sed malesuada malesuada dolor sit porttitor Elasticsearch Maecenas sed Lorem lectus sit purus ipsum sending to kafka topic twitter-topic
2022-04-14 09:06:19 [pool-1-thread-1] INFO  c.m.d.k.p.c.s.i.TwitterKafkaProducer - Sending message='{"userId": 40178584509928628, "id": 2388926112967379620, "text": "Maecenas massa sed malesuada malesuada dolor sit porttitor Elasticsearch Maecenas sed Lorem lectus sit purus ipsum", "createdAt": 1649927179000}' to topic='twitter-topic'
2022-04-14 09:06:29 [pool-1-thread-1] INFO  c.m.d.t.t.k.s.l.TwitterKafkaStatusListener - Received status text amet consectetuer lectus porttitor magna posuere ipsum massa Microservices posuere congue porttitor massa adipiscing posuere sending to kafka topic twitter-topic
2022-04-14 09:06:29 [pool-1-thread-1] INFO  c.m.d.k.p.c.s.i.TwitterKafkaProducer - Sending message='{"userId": 5000574575339956390, "id": 5378011695844707330, "text": "amet consectetuer lectus porttitor magna posuere ipsum massa Microservices posuere congue porttitor massa adipiscing posuere", "createdAt": 1649927189000}' to topic='twitter-topic'
2022-04-14 09:06:39 [pool-1-thread-1] INFO  c.m.d.t.t.k.s.l.TwitterKafkaStatusListener - Received status text posuere purus purus elit dolor Elasticsearch Lorem sed adipiscing Fusce sending to kafka topic twitter-topic
2022-04-14 09:06:39 [pool-1-thread-1] INFO  c.m.d.k.p.c.s.i.TwitterKafkaProducer - Sending message='{"userId": 6520785962093895890, "id": 3782882545861448665, "text": "posuere purus purus elit dolor Elasticsearch Lorem sed adipiscing Fusce", "createdAt": 1649927199000}' to topic='twitter-topic'
2022-04-14 09:06:49 [pool-1-thread-1] INFO  c.m.d.t.t.k.s.l.TwitterKafkaStatusListener - Received status text Maecenas Lorem sit porttitor porttitor pulvinar elit Kafka ipsum sit malesuada consectetuer dolor sending to kafka topic twitter-topic
2022-04-14 09:06:49 [pool-1-thread-1] INFO  c.m.d.k.p.c.s.i.TwitterKafkaProducer - Sending message='{"userId": 2522190065726650687, "id": 8958096894266841591, "text": "Maecenas Lorem sit porttitor porttitor pulvinar elit Kafka ipsum sit malesuada consectetuer dolor", "createdAt": 1649927209000}' to topic='twitter-topic'
2022-04-14 09:06:59 [pool-1-thread-1] INFO  c.m.d.t.t.k.s.l.TwitterKafkaStatusListener - Received status text Fusce Maecenas Lorem elit Java adipiscing sit posuere sending to kafka topic twitter-topic
2022-04-14 09:06:59 [pool-1-thread-1] INFO  c.m.d.k.p.c.s.i.TwitterKafkaProducer - Sending message='{"userId": 3487369622956963245, "id": 5420228532660770365, "text": "Fusce Maecenas Lorem elit Java adipiscing sit posuere", "createdAt": 1649927219000}' to topic='twitter-topic'
2022-04-14 09:07:09 [pool-1-thread-1] INFO  c.m.d.t.t.k.s.l.TwitterKafkaStatusListener - Received status text ipsum Fusce Lorem ultricies Maecenas adipiscing sed Maecenas Java purus elit dolor malesuada Fusce magna sending to kafka topic twitter-topic
2022-04-14 09:07:09 [pool-1-thread-1] INFO  c.m.d.k.p.c.s.i.TwitterKafkaProducer - Sending message='{"userId": 5540215320116181908, "id": 6683724558738618118, "text": "ipsum Fusce Lorem ultricies Maecenas adipiscing sed Maecenas Java purus elit dolor malesuada Fusce magna", "createdAt": 1649927229000}' to topic='twitter-topic'
2022-04-14 09:07:19 [pool-1-thread-1] INFO  c.m.d.t.t.k.s.l.TwitterKafkaStatusListener - Received status text congue ultricies adipiscing sit Microservices massa porttitor sending to kafka topic twitter-topic
2022-04-14 09:07:19 [pool-1-thread-1] INFO  c.m.d.k.p.c.s.i.TwitterKafkaProducer - Sending message='{"userId": 7748945804114303456, "id": 2338477789077614019, "text": "congue ultricies adipiscing sit Microservices massa porttitor", "createdAt": 1649927239000}' to topic='twitter-topic'
2022-04-14 09:07:29 [pool-1-thread-1] INFO  c.m.d.t.t.k.s.l.TwitterKafkaStatusListener - Received status text consectetuer Lorem libero ipsum sit Maecenas malesuada Java sit lectus Lorem libero sit massa sending to kafka topic twitter-topic
2022-04-14 09:07:29 [pool-1-thread-1] INFO  c.m.d.k.p.c.s.i.TwitterKafkaProducer - Sending message='{"userId": 4675193904013695080, "id": 51001512995346249, "text": "consectetuer Lorem libero ipsum sit Maecenas malesuada Java sit lectus Lorem libero sit massa", "createdAt": 1649927249000}' to topic='twitter-topic'
2022-04-14 09:07:39 [pool-1-thread-1] INFO  c.m.d.t.t.k.s.l.TwitterKafkaStatusListener - Received status text amet porttitor ultricies magna posuere libero massa malesuada Kafka posuere dolor magna sit Lorem sit sending to kafka topic twitter-topic
2022-04-14 09:07:39 [pool-1-thread-1] INFO  c.m.d.k.p.c.s.i.TwitterKafkaProducer - Sending message='{"userId": 4339222698995991595, "id": 594666727289058364, "text": "amet porttitor ultricies magna posuere libero massa malesuada Kafka posuere dolor magna sit Lorem sit", "createdAt": 1649927259000}' to topic='twitter-topic'
2022-04-14 09:07:49 [pool-1-thread-1] INFO  c.m.d.t.t.k.s.l.TwitterKafkaStatusListener - Received status text porttitor Maecenas consectetuer magna dolor purus purus Maecenas Elasticsearch Lorem elit congue magna posuere pulvinar sending to kafka topic twitter-topic
2022-04-14 09:07:49 [pool-1-thread-1] INFO  c.m.d.k.p.c.s.i.TwitterKafkaProducer - Sending message='{"userId": 6869089019846491355, "id": 4398235337380907727, "text": "porttitor Maecenas consectetuer magna dolor purus purus Maecenas Elasticsearch Lorem elit congue magna posuere pulvinar", "createdAt": 1649927269000}' to topic='twitter-topic'
2022-04-14 09:07:59 [pool-1-thread-1] INFO  c.m.d.t.t.k.s.l.TwitterKafkaStatusListener - Received status text sit posuere magna magna Fusce Kafka libero adipiscing amet sending to kafka topic twitter-topic
2022-04-14 09:07:59 [pool-1-thread-1] INFO  c.m.d.k.p.c.s.i.TwitterKafkaProducer - Sending message='{"userId": 3981624822896535675, "id": 16466302979918462, "text": "sit posuere magna magna Fusce Kafka libero adipiscing amet", "createdAt": 1649927279000}' to topic='twitter-topic'
2022-04-14 09:08:09 [pool-1-thread-1] INFO  c.m.d.t.t.k.s.l.TwitterKafkaStatusListener - Received status text congue dolor purus sed ultricies pulvinar Kafka pulvinar adipiscing massa Maecenas sending to kafka topic twitter-topic
2022-04-14 09:08:09 [pool-1-thread-1] INFO  c.m.d.k.p.c.s.i.TwitterKafkaProducer - Sending message='{"userId": 6656833138772306798, "id": 2104257864454562910, "text": "congue dolor purus sed ultricies pulvinar Kafka pulvinar adipiscing massa Maecenas", "createdAt": 1649927289000}' to topic='twitter-topic'
2022-04-14 09:08:19 [pool-1-thread-1] INFO  c.m.d.t.t.k.s.l.TwitterKafkaStatusListener - Received status text lectus adipiscing consectetuer libero porttitor magna magna Java dolor sed amet dolor libero amet sending to kafka topic twitter-topic
2022-04-14 09:08:19 [pool-1-thread-1] INFO  c.m.d.k.p.c.s.i.TwitterKafkaProducer - Sending message='{"userId": 3880387607355283286, "id": 2239673670475618864, "text": "lectus adipiscing consectetuer libero porttitor magna magna Java dolor sed amet dolor libero amet", "createdAt": 1649927299000}' to topic='twitter-topic'
2022-04-14 09:08:29 [pool-1-thread-1] INFO  c.m.d.t.t.k.s.l.TwitterKafkaStatusListener - Received status text pulvinar elit congue purus purus ipsum Elasticsearch malesuada sed sit congue ultricies sending to kafka topic twitter-topic
2022-04-14 09:08:29 [pool-1-thread-1] INFO  c.m.d.k.p.c.s.i.TwitterKafkaProducer - Sending message='{"userId": 2148933407572033496, "id": 5002467559466373988, "text": "pulvinar elit congue purus purus ipsum Elasticsearch malesuada sed sit congue ultricies", "createdAt": 1649927309000}' to topic='twitter-topic'
2022-04-14 09:08:39 [pool-1-thread-1] INFO  c.m.d.t.t.k.s.l.TwitterKafkaStatusListener - Received status text posuere massa lectus dolor Elasticsearch ultricies pulvinar porttitor sending to kafka topic twitter-topic
2022-04-14 09:08:39 [pool-1-thread-1] INFO  c.m.d.k.p.c.s.i.TwitterKafkaProducer - Sending message='{"userId": 5447980208032794314, "id": 4455797497935040371, "text": "posuere massa lectus dolor Elasticsearch ultricies pulvinar porttitor", "createdAt": 1649927319000}' to topic='twitter-topic'
2022-04-14 09:08:49 [pool-1-thread-1] INFO  c.m.d.t.t.k.s.l.TwitterKafkaStatusListener - Received status text sed consectetuer Fusce Lorem ultricies porttitor sit Lorem Kafka sit Lorem amet porttitor sed lectus sending to kafka topic twitter-topic
2022-04-14 09:08:49 [pool-1-thread-1] INFO  c.m.d.k.p.c.s.i.TwitterKafkaProducer - Sending message='{"userId": 3717315228910106545, "id": 3626527186026794043, "text": "sed consectetuer Fusce Lorem ultricies porttitor sit Lorem Kafka sit Lorem amet porttitor sed lectus", "createdAt": 1649927329000}' to topic='twitter-topic'
2022-04-14 09:08:59 [pool-1-thread-1] INFO  c.m.d.t.t.k.s.l.TwitterKafkaStatusListener - Received status text amet malesuada adipiscing amet elit libero Elasticsearch amet libero ultricies ipsum magna sending to kafka topic twitter-topic
2022-04-14 09:08:59 [pool-1-thread-1] INFO  c.m.d.k.p.c.s.i.TwitterKafkaProducer - Sending message='{"userId": 7239507527237678615, "id": 2970881369438370327, "text": "amet malesuada adipiscing amet elit libero Elasticsearch amet libero ultricies ipsum magna", "createdAt": 1649927339000}' to topic='twitter-topic'
2022-04-14 09:09:09 [pool-1-thread-1] INFO  c.m.d.t.t.k.s.l.TwitterKafkaStatusListener - Received status text ipsum congue Lorem congue purus pulvinar posuere porttitor Kafka adipiscing consectetuer Fusce elit magna Maecenas massa sending to kafka topic twitter-topic
2022-04-14 09:09:09 [pool-1-thread-1] INFO  c.m.d.k.p.c.s.i.TwitterKafkaProducer - Sending message='{"userId": 3195558489491659574, "id": 3899391952193085368, "text": "ipsum congue Lorem congue purus pulvinar posuere porttitor Kafka adipiscing consectetuer Fusce elit magna Maecenas massa", "createdAt": 1649927349000}' to topic='twitter-topic'
2022-04-14 09:09:19 [pool-1-thread-1] INFO  c.m.d.t.t.k.s.l.TwitterKafkaStatusListener - Received status text malesuada lectus ipsum magna ultricies ipsum Lorem Kafka sed adipiscing pulvinar adipiscing magna elit sending to kafka topic twitter-topic
2022-04-14 09:09:19 [pool-1-thread-1] INFO  c.m.d.k.p.c.s.i.TwitterKafkaProducer - Sending message='{"userId": 4997483482038175401, "id": 5716254272647408283, "text": "malesuada lectus ipsum magna ultricies ipsum Lorem Kafka sed adipiscing pulvinar adipiscing magna elit", "createdAt": 1649927359000}' to topic='twitter-topic'
2022-04-14 09:09:29 [pool-1-thread-1] INFO  c.m.d.t.t.k.s.l.TwitterKafkaStatusListener - Received status text sed Lorem purus ultricies amet Java congue ultricies libero sending to kafka topic twitter-topic
2022-04-14 09:09:29 [pool-1-thread-1] INFO  c.m.d.k.p.c.s.i.TwitterKafkaProducer - Sending message='{"userId": 988005127968264043, "id": 9112409433674232484, "text": "sed Lorem purus ultricies amet Java congue ultricies libero", "createdAt": 1649927369000}' to topic='twitter-topic'
2022-04-14 09:09:39 [pool-1-thread-1] INFO  c.m.d.t.t.k.s.l.TwitterKafkaStatusListener - Received status text purus ipsum purus posuere Elasticsearch ipsum sit purus sending to kafka topic twitter-topic
2022-04-14 09:09:39 [pool-1-thread-1] INFO  c.m.d.k.p.c.s.i.TwitterKafkaProducer - Sending message='{"userId": 4209339804775438127, "id": 4808667769889045076, "text": "purus ipsum purus posuere Elasticsearch ipsum sit purus", "createdAt": 1649927379000}' to topic='twitter-topic'
2022-04-14 09:09:49 [pool-1-thread-1] INFO  c.m.d.t.t.k.s.l.TwitterKafkaStatusListener - Received status text consectetuer magna adipiscing Elasticsearch sed libero sending to kafka topic twitter-topic
2022-04-14 09:09:49 [pool-1-thread-1] INFO  c.m.d.k.p.c.s.i.TwitterKafkaProducer - Sending message='{"userId": 465074488121738175, "id": 3836167537939569234, "text": "consectetuer magna adipiscing Elasticsearch sed libero", "createdAt": 1649927389000}' to topic='twitter-topic'
2022-04-14 09:09:59 [pool-1-thread-1] INFO  c.m.d.t.t.k.s.l.TwitterKafkaStatusListener - Received status text consectetuer malesuada dolor consectetuer adipiscing posuere sit congue Microservices magna Lorem lectus ipsum congue sed adipiscing sending to kafka topic twitter-topic
2022-04-14 09:09:59 [pool-1-thread-1] INFO  c.m.d.k.p.c.s.i.TwitterKafkaProducer - Sending message='{"userId": 6835550047295686050, "id": 1137738887963638604, "text": "consectetuer malesuada dolor consectetuer adipiscing posuere sit congue Microservices magna Lorem lectus ipsum congue sed adipiscing", "createdAt": 1649927399000}' to topic='twitter-topic'
2022-04-14 09:10:09 [pool-1-thread-1] INFO  c.m.d.t.t.k.s.l.TwitterKafkaStatusListener - Received status text sed ipsum lectus porttitor adipiscing malesuada dolor Kafka magna massa Fusce sed congue sending to kafka topic twitter-topic
2022-04-14 09:10:09 [pool-1-thread-1] INFO  c.m.d.k.p.c.s.i.TwitterKafkaProducer - Sending message='{"userId": 1271585119214476072, "id": 9123998066326760827, "text": "sed ipsum lectus porttitor adipiscing malesuada dolor Kafka magna massa Fusce sed congue", "createdAt": 1649927409000}' to topic='twitter-topic'
2022-04-14 09:10:19 [pool-1-thread-1] INFO  c.m.d.t.t.k.s.l.TwitterKafkaStatusListener - Received status text ultricies congue posuere purus Lorem porttitor Microservices elit purus pulvinar Lorem malesuada sending to kafka topic twitter-topic
2022-04-14 09:10:19 [pool-1-thread-1] INFO  c.m.d.k.p.c.s.i.TwitterKafkaProducer - Sending message='{"userId": 7825508228687606216, "id": 6223281143994985172, "text": "ultricies congue posuere purus Lorem porttitor Microservices elit purus pulvinar Lorem malesuada", "createdAt": 1649927419000}' to topic='twitter-topic'
2022-04-14 09:10:29 [pool-1-thread-1] INFO  c.m.d.t.t.k.s.l.TwitterKafkaStatusListener - Received status text sed lectus dolor consectetuer massa consectetuer Lorem congue Java malesuada Fusce malesuada libero libero sit sending to kafka topic twitter-topic
2022-04-14 09:10:29 [pool-1-thread-1] INFO  c.m.d.k.p.c.s.i.TwitterKafkaProducer - Sending message='{"userId": 3698978270198872073, "id": 3863815420981775198, "text": "sed lectus dolor consectetuer massa consectetuer Lorem congue Java malesuada Fusce malesuada libero libero sit", "createdAt": 1649927429000}' to topic='twitter-topic'
2022-04-14 09:10:39 [pool-1-thread-1] INFO  c.m.d.t.t.k.s.l.TwitterKafkaStatusListener - Received status text pulvinar adipiscing amet sit consectetuer Maecenas pulvinar adipiscing Java congue malesuada dolor Maecenas Fusce amet elit sending to kafka topic twitter-topic
2022-04-14 09:10:39 [pool-1-thread-1] INFO  c.m.d.k.p.c.s.i.TwitterKafkaProducer - Sending message='{"userId": 5949005363691208408, "id": 4224337792149034528, "text": "pulvinar adipiscing amet sit consectetuer Maecenas pulvinar adipiscing Java congue malesuada dolor Maecenas Fusce amet elit", "createdAt": 1649927439000}' to topic='twitter-topic'
2022-04-14 09:10:49 [pool-1-thread-1] INFO  c.m.d.t.t.k.s.l.TwitterKafkaStatusListener - Received status text Fusce magna magna porttitor Fusce libero magna Java posuere Lorem magna massa elit Fusce sending to kafka topic twitter-topic
2022-04-14 09:10:49 [pool-1-thread-1] INFO  c.m.d.k.p.c.s.i.TwitterKafkaProducer - Sending message='{"userId": 8864609601630997491, "id": 6365952496859399383, "text": "Fusce magna magna porttitor Fusce libero magna Java posuere Lorem magna massa elit Fusce", "createdAt": 1649927449000}' to topic='twitter-topic'
2022-04-14 09:10:59 [pool-1-thread-1] INFO  c.m.d.t.t.k.s.l.TwitterKafkaStatusListener - Received status text ipsum congue massa libero Fusce amet Kafka ultricies amet sed dolor sending to kafka topic twitter-topic
2022-04-14 09:10:59 [pool-1-thread-1] INFO  c.m.d.k.p.c.s.i.TwitterKafkaProducer - Sending message='{"userId": 3223327781218112220, "id": 6328876910295948489, "text": "ipsum congue massa libero Fusce amet Kafka ultricies amet sed dolor", "createdAt": 1649927459000}' to topic='twitter-topic'
2022-04-14 09:11:09 [pool-1-thread-1] INFO  c.m.d.t.t.k.s.l.TwitterKafkaStatusListener - Received status text Lorem Lorem adipiscing ultricies Java Lorem Lorem malesuada sending to kafka topic twitter-topic
2022-04-14 09:11:09 [pool-1-thread-1] INFO  c.m.d.k.p.c.s.i.TwitterKafkaProducer - Sending message='{"userId": 7417767104353928147, "id": 2619412895430720053, "text": "Lorem Lorem adipiscing ultricies Java Lorem Lorem malesuada", "createdAt": 1649927469000}' to topic='twitter-topic'
2022-04-14 09:11:19 [pool-1-thread-1] INFO  c.m.d.t.t.k.s.l.TwitterKafkaStatusListener - Received status text adipiscing lectus congue porttitor amet porttitor Java magna malesuada sit elit sending to kafka topic twitter-topic
2022-04-14 09:11:19 [pool-1-thread-1] INFO  c.m.d.k.p.c.s.i.TwitterKafkaProducer - Sending message='{"userId": 4427683138599518372, "id": 5894727983212216497, "text": "adipiscing lectus congue porttitor amet porttitor Java magna malesuada sit elit", "createdAt": 1649927479000}' to topic='twitter-topic'
2022-04-14 09:11:29 [pool-1-thread-1] INFO  c.m.d.t.t.k.s.l.TwitterKafkaStatusListener - Received status text Maecenas porttitor sit posuere Java elit purus dolor sending to kafka topic twitter-topic
2022-04-14 09:11:29 [pool-1-thread-1] INFO  c.m.d.k.p.c.s.i.TwitterKafkaProducer - Sending message='{"userId": 5500033429788158204, "id": 568694835413366080, "text": "Maecenas porttitor sit posuere Java elit purus dolor", "createdAt": 1649927489000}' to topic='twitter-topic'
2022-04-14 09:11:39 [pool-1-thread-1] INFO  c.m.d.t.t.k.s.l.TwitterKafkaStatusListener - Received status text Lorem consectetuer libero congue Java Fusce sed sending to kafka topic twitter-topic
2022-04-14 09:11:39 [pool-1-thread-1] INFO  c.m.d.k.p.c.s.i.TwitterKafkaProducer - Sending message='{"userId": 4156991592814616951, "id": 5594886094797386403, "text": "Lorem consectetuer libero congue Java Fusce sed", "createdAt": 1649927499000}' to topic='twitter-topic'
2022-04-14 09:11:49 [pool-1-thread-1] INFO  c.m.d.t.t.k.s.l.TwitterKafkaStatusListener - Received status text lectus Lorem dolor porttitor adipiscing Lorem dolor Microservices sed Maecenas posuere amet amet sending to kafka topic twitter-topic
2022-04-14 09:11:49 [pool-1-thread-1] INFO  c.m.d.k.p.c.s.i.TwitterKafkaProducer - Sending message='{"userId": 2040106267227861500, "id": 2202563543691743347, "text": "lectus Lorem dolor porttitor adipiscing Lorem dolor Microservices sed Maecenas posuere amet amet", "createdAt": 1649927509000}' to topic='twitter-topic'
2022-04-14 09:11:59 [pool-1-thread-1] INFO  c.m.d.t.t.k.s.l.TwitterKafkaStatusListener - Received status text purus Lorem Maecenas purus ultricies ultricies ultricies Elasticsearch adipiscing Maecenas porttitor posuere porttitor malesuada sending to kafka topic twitter-topic
2022-04-14 09:11:59 [pool-1-thread-1] INFO  c.m.d.k.p.c.s.i.TwitterKafkaProducer - Sending message='{"userId": 1230811463147800740, "id": 4358387914721747644, "text": "purus Lorem Maecenas purus ultricies ultricies ultricies Elasticsearch adipiscing Maecenas porttitor posuere porttitor malesuada", "createdAt": 1649927519000}' to topic='twitter-topic'
2022-04-14 09:12:09 [pool-1-thread-1] INFO  c.m.d.t.t.k.s.l.TwitterKafkaStatusListener - Received status text lectus elit Fusce dolor sed adipiscing sit purus Elasticsearch Fusce massa posuere porttitor Fusce pulvinar elit sending to kafka topic twitter-topic
2022-04-14 09:12:09 [pool-1-thread-1] INFO  c.m.d.k.p.c.s.i.TwitterKafkaProducer - Sending message='{"userId": 194801983719423294, "id": 1966095075712103262, "text": "lectus elit Fusce dolor sed adipiscing sit purus Elasticsearch Fusce massa posuere porttitor Fusce pulvinar elit", "createdAt": 1649927529000}' to topic='twitter-topic'
2022-04-14 09:12:19 [pool-1-thread-1] INFO  c.m.d.t.t.k.s.l.TwitterKafkaStatusListener - Received status text dolor porttitor sed ipsum dolor adipiscing elit Microservices malesuada consectetuer consectetuer ipsum magna sending to kafka topic twitter-topic
2022-04-14 09:12:19 [pool-1-thread-1] INFO  c.m.d.k.p.c.s.i.TwitterKafkaProducer - Sending message='{"userId": 1395061069068306227, "id": 4788448916454476422, "text": "dolor porttitor sed ipsum dolor adipiscing elit Microservices malesuada consectetuer consectetuer ipsum magna", "createdAt": 1649927539000}' to topic='twitter-topic'
2022-04-14 09:12:29 [pool-1-thread-1] INFO  c.m.d.t.t.k.s.l.TwitterKafkaStatusListener - Received status text magna purus sit adipiscing Maecenas Kafka Fusce porttitor lectus sending to kafka topic twitter-topic
2022-04-14 09:12:29 [pool-1-thread-1] INFO  c.m.d.k.p.c.s.i.TwitterKafkaProducer - Sending message='{"userId": 1278925642393513574, "id": 4649038432564464741, "text": "magna purus sit adipiscing Maecenas Kafka Fusce porttitor lectus", "createdAt": 1649927549000}' to topic='twitter-topic'
2022-04-14 09:12:39 [pool-1-thread-1] INFO  c.m.d.t.t.k.s.l.TwitterKafkaStatusListener - Received status text malesuada congue pulvinar Lorem porttitor Lorem congue Microservices ipsum malesuada libero posuere lectus libero sending to kafka topic twitter-topic
2022-04-14 09:12:39 [pool-1-thread-1] INFO  c.m.d.k.p.c.s.i.TwitterKafkaProducer - Sending message='{"userId": 1458850743043904164, "id": 1160649298061599797, "text": "malesuada congue pulvinar Lorem porttitor Lorem congue Microservices ipsum malesuada libero posuere lectus libero", "createdAt": 1649927559000}' to topic='twitter-topic'
2022-04-14 09:12:49 [pool-1-thread-1] INFO  c.m.d.t.t.k.s.l.TwitterKafkaStatusListener - Received status text amet amet malesuada massa massa adipiscing adipiscing Fusce Elasticsearch ultricies sed ultricies dolor Fusce lectus sending to kafka topic twitter-topic
2022-04-14 09:12:49 [pool-1-thread-1] INFO  c.m.d.k.p.c.s.i.TwitterKafkaProducer - Sending message='{"userId": 1116183117955518549, "id": 2204042506968427841, "text": "amet amet malesuada massa massa adipiscing adipiscing Fusce Elasticsearch ultricies sed ultricies dolor Fusce lectus", "createdAt": 1649927569000}' to topic='twitter-topic'
2022-04-14 09:12:59 [pool-1-thread-1] INFO  c.m.d.t.t.k.s.l.TwitterKafkaStatusListener - Received status text lectus posuere pulvinar sit Maecenas Fusce Elasticsearch ultricies elit dolor posuere sending to kafka topic twitter-topic
2022-04-14 09:12:59 [pool-1-thread-1] INFO  c.m.d.k.p.c.s.i.TwitterKafkaProducer - Sending message='{"userId": 3463343095350748054, "id": 7941062807055652447, "text": "lectus posuere pulvinar sit Maecenas Fusce Elasticsearch ultricies elit dolor posuere", "createdAt": 1649927579000}' to topic='twitter-topic'
2022-04-14 09:13:09 [pool-1-thread-1] INFO  c.m.d.t.t.k.s.l.TwitterKafkaStatusListener - Received status text amet Lorem massa lectus consectetuer Kafka lectus purus pulvinar sending to kafka topic twitter-topic
2022-04-14 09:13:09 [pool-1-thread-1] INFO  c.m.d.k.p.c.s.i.TwitterKafkaProducer - Sending message='{"userId": 2180279938439696417, "id": 7913474215813499664, "text": "amet Lorem massa lectus consectetuer Kafka lectus purus pulvinar", "createdAt": 1649927589000}' to topic='twitter-topic'
2022-04-14 09:13:19 [pool-1-thread-1] INFO  c.m.d.t.t.k.s.l.TwitterKafkaStatusListener - Received status text porttitor consectetuer purus malesuada amet purus pulvinar Maecenas Java Maecenas sed elit porttitor pulvinar Maecenas porttitor sending to kafka topic twitter-topic
2022-04-14 09:13:19 [pool-1-thread-1] INFO  c.m.d.k.p.c.s.i.TwitterKafkaProducer - Sending message='{"userId": 7252308752183744050, "id": 4553548069436697637, "text": "porttitor consectetuer purus malesuada amet purus pulvinar Maecenas Java Maecenas sed elit porttitor pulvinar Maecenas porttitor", "createdAt": 1649927599000}' to topic='twitter-topic'
2022-04-14 09:13:29 [pool-1-thread-1] INFO  c.m.d.t.t.k.s.l.TwitterKafkaStatusListener - Received status text sed consectetuer libero ipsum massa amet lectus Elasticsearch posuere libero adipiscing malesuada massa sending to kafka topic twitter-topic
2022-04-14 09:13:29 [pool-1-thread-1] INFO  c.m.d.k.p.c.s.i.TwitterKafkaProducer - Sending message='{"userId": 852886123932330033, "id": 8439128357644476536, "text": "sed consectetuer libero ipsum massa amet lectus Elasticsearch posuere libero adipiscing malesuada massa", "createdAt": 1649927609000}' to topic='twitter-topic'
2022-04-14 09:13:39 [pool-1-thread-1] INFO  c.m.d.t.t.k.s.l.TwitterKafkaStatusListener - Received status text magna Lorem posuere ipsum sit massa ultricies Microservices dolor Fusce malesuada ultricies ipsum sending to kafka topic twitter-topic
2022-04-14 09:13:39 [pool-1-thread-1] INFO  c.m.d.k.p.c.s.i.TwitterKafkaProducer - Sending message='{"userId": 1154653929286578924, "id": 893564110761219157, "text": "magna Lorem posuere ipsum sit massa ultricies Microservices dolor Fusce malesuada ultricies ipsum", "createdAt": 1649927619000}' to topic='twitter-topic'
2022-04-14 09:13:49 [pool-1-thread-1] INFO  c.m.d.t.t.k.s.l.TwitterKafkaStatusListener - Received status text dolor porttitor posuere congue posuere Elasticsearch libero ipsum elit dolor sending to kafka topic twitter-topic
2022-04-14 09:13:49 [pool-1-thread-1] INFO  c.m.d.k.p.c.s.i.TwitterKafkaProducer - Sending message='{"userId": 2925037413549026986, "id": 6091742741596661191, "text": "dolor porttitor posuere congue posuere Elasticsearch libero ipsum elit dolor", "createdAt": 1649927629000}' to topic='twitter-topic'
2022-04-14 09:13:59 [pool-1-thread-1] INFO  c.m.d.t.t.k.s.l.TwitterKafkaStatusListener - Received status text malesuada massa purus libero porttitor amet Elasticsearch sed amet purus malesuada sending to kafka topic twitter-topic
2022-04-14 09:13:59 [pool-1-thread-1] INFO  c.m.d.k.p.c.s.i.TwitterKafkaProducer - Sending message='{"userId": 4656190710354193167, "id": 3604124481198405945, "text": "malesuada massa purus libero porttitor amet Elasticsearch sed amet purus malesuada", "createdAt": 1649927639000}' to topic='twitter-topic'
2022-04-14 09:14:09 [pool-1-thread-1] INFO  c.m.d.t.t.k.s.l.TwitterKafkaStatusListener - Received status text sit libero congue Microservices posuere pulvinar sending to kafka topic twitter-topic
2022-04-14 09:14:09 [pool-1-thread-1] INFO  c.m.d.k.p.c.s.i.TwitterKafkaProducer - Sending message='{"userId": 659087387575356455, "id": 2995971525676803847, "text": "sit libero congue Microservices posuere pulvinar", "createdAt": 1649927649000}' to topic='twitter-topic'
2022-04-14 09:14:19 [pool-1-thread-1] INFO  c.m.d.t.t.k.s.l.TwitterKafkaStatusListener - Received status text Maecenas libero magna massa Microservices massa libero posuere sending to kafka topic twitter-topic
2022-04-14 09:14:19 [pool-1-thread-1] INFO  c.m.d.k.p.c.s.i.TwitterKafkaProducer - Sending message='{"userId": 4325845550083662327, "id": 982954134213503912, "text": "Maecenas libero magna massa Microservices massa libero posuere", "createdAt": 1649927659000}' to topic='twitter-topic'
2022-04-14 09:14:29 [pool-1-thread-1] INFO  c.m.d.t.t.k.s.l.TwitterKafkaStatusListener - Received status text lectus Maecenas dolor purus pulvinar Lorem Elasticsearch adipiscing adipiscing Fusce Fusce dolor sending to kafka topic twitter-topic
2022-04-14 09:14:29 [pool-1-thread-1] INFO  c.m.d.k.p.c.s.i.TwitterKafkaProducer - Sending message='{"userId": 6207546029621422846, "id": 1852070630469661163, "text": "lectus Maecenas dolor purus pulvinar Lorem Elasticsearch adipiscing adipiscing Fusce Fusce dolor", "createdAt": 1649927669000}' to topic='twitter-topic'
2022-04-14 09:14:39 [pool-1-thread-1] INFO  c.m.d.t.t.k.s.l.TwitterKafkaStatusListener - Received status text ipsum consectetuer Lorem congue ultricies massa sit elit Java consectetuer libero magna malesuada porttitor purus sending to kafka topic twitter-topic
2022-04-14 09:14:39 [pool-1-thread-1] INFO  c.m.d.k.p.c.s.i.TwitterKafkaProducer - Sending message='{"userId": 1384020862353754408, "id": 1837727993352063650, "text": "ipsum consectetuer Lorem congue ultricies massa sit elit Java consectetuer libero magna malesuada porttitor purus", "createdAt": 1649927679000}' to topic='twitter-topic'
2022-04-14 09:14:49 [pool-1-thread-1] INFO  c.m.d.t.t.k.s.l.TwitterKafkaStatusListener - Received status text ultricies massa Maecenas massa Microservices Lorem congue posuere sending to kafka topic twitter-topic
2022-04-14 09:14:49 [pool-1-thread-1] INFO  c.m.d.k.p.c.s.i.TwitterKafkaProducer - Sending message='{"userId": 1642487926210797086, "id": 5707272109906311460, "text": "ultricies massa Maecenas massa Microservices Lorem congue posuere", "createdAt": 1649927689000}' to topic='twitter-topic'
2022-04-14 09:14:59 [pool-1-thread-1] INFO  c.m.d.t.t.k.s.l.TwitterKafkaStatusListener - Received status text consectetuer dolor dolor malesuada adipiscing consectetuer sit Java pulvinar amet purus sed sed malesuada sending to kafka topic twitter-topic
2022-04-14 09:14:59 [pool-1-thread-1] INFO  c.m.d.k.p.c.s.i.TwitterKafkaProducer - Sending message='{"userId": 8472253785598069081, "id": 5663729762581556312, "text": "consectetuer dolor dolor malesuada adipiscing consectetuer sit Java pulvinar amet purus sed sed malesuada", "createdAt": 1649927699000}' to topic='twitter-topic'
2022-04-14 09:15:09 [pool-1-thread-1] INFO  c.m.d.t.t.k.s.l.TwitterKafkaStatusListener - Received status text amet posuere sed magna consectetuer Kafka porttitor dolor posuere pulvinar sending to kafka topic twitter-topic
2022-04-14 09:15:09 [pool-1-thread-1] INFO  c.m.d.k.p.c.s.i.TwitterKafkaProducer - Sending message='{"userId": 8954220558435923703, "id": 157032767934205158, "text": "amet posuere sed magna consectetuer Kafka porttitor dolor posuere pulvinar", "createdAt": 1649927709000}' to topic='twitter-topic'
2022-04-14 09:15:19 [pool-1-thread-1] INFO  c.m.d.t.t.k.s.l.TwitterKafkaStatusListener - Received status text purus sed dolor Kafka posuere purus sending to kafka topic twitter-topic
2022-04-14 09:15:19 [pool-1-thread-1] INFO  c.m.d.k.p.c.s.i.TwitterKafkaProducer - Sending message='{"userId": 1173416067406051018, "id": 8694585524751916713, "text": "purus sed dolor Kafka posuere purus", "createdAt": 1649927719000}' to topic='twitter-topic'
2022-04-14 09:15:29 [pool-1-thread-1] INFO  c.m.d.t.t.k.s.l.TwitterKafkaStatusListener - Received status text sit lectus congue Maecenas Microservices massa sed sending to kafka topic twitter-topic
2022-04-14 09:15:29 [pool-1-thread-1] INFO  c.m.d.k.p.c.s.i.TwitterKafkaProducer - Sending message='{"userId": 2873790404136432798, "id": 5633811267117313288, "text": "sit lectus congue Maecenas Microservices massa sed", "createdAt": 1649927729000}' to topic='twitter-topic'
2022-04-14 09:15:39 [pool-1-thread-1] INFO  c.m.d.t.t.k.s.l.TwitterKafkaStatusListener - Received status text massa libero lectus dolor adipiscing Kafka elit lectus magna Lorem sending to kafka topic twitter-topic
2022-04-14 09:15:39 [pool-1-thread-1] INFO  c.m.d.k.p.c.s.i.TwitterKafkaProducer - Sending message='{"userId": 8495320553231910126, "id": 254732990967051207, "text": "massa libero lectus dolor adipiscing Kafka elit lectus magna Lorem", "createdAt": 1649927739000}' to topic='twitter-topic'
2022-04-14 09:15:49 [pool-1-thread-1] INFO  c.m.d.t.t.k.s.l.TwitterKafkaStatusListener - Received status text Maecenas libero purus massa Java adipiscing sed ipsum sending to kafka topic twitter-topic
2022-04-14 09:15:49 [pool-1-thread-1] INFO  c.m.d.k.p.c.s.i.TwitterKafkaProducer - Sending message='{"userId": 7869337636519304226, "id": 6779093325009715050, "text": "Maecenas libero purus massa Java adipiscing sed ipsum", "createdAt": 1649927749000}' to topic='twitter-topic'
2022-04-14 09:15:59 [pool-1-thread-1] INFO  c.m.d.t.t.k.s.l.TwitterKafkaStatusListener - Received status text ultricies dolor adipiscing purus sed Maecenas posuere Microservices ultricies purus consectetuer sed amet ipsum sending to kafka topic twitter-topic
2022-04-14 09:15:59 [pool-1-thread-1] INFO  c.m.d.k.p.c.s.i.TwitterKafkaProducer - Sending message='{"userId": 2909927360718954977, "id": 2266994077179660273, "text": "ultricies dolor adipiscing purus sed Maecenas posuere Microservices ultricies purus consectetuer sed amet ipsum", "createdAt": 1649927759000}' to topic='twitter-topic'
2022-04-14 09:16:09 [pool-1-thread-1] INFO  c.m.d.t.t.k.s.l.TwitterKafkaStatusListener - Received status text Fusce sed massa congue Java sit massa sending to kafka topic twitter-topic
2022-04-14 09:16:09 [pool-1-thread-1] INFO  c.m.d.k.p.c.s.i.TwitterKafkaProducer - Sending message='{"userId": 8732258519402931144, "id": 2561272586507000903, "text": "Fusce sed massa congue Java sit massa", "createdAt": 1649927769000}' to topic='twitter-topic'
2022-04-14 09:16:19 [pool-1-thread-1] INFO  c.m.d.t.t.k.s.l.TwitterKafkaStatusListener - Received status text dolor ipsum Lorem Java adipiscing dolor sending to kafka topic twitter-topic
2022-04-14 09:16:19 [pool-1-thread-1] INFO  c.m.d.k.p.c.s.i.TwitterKafkaProducer - Sending message='{"userId": 121260025629413147, "id": 5719760723984029347, "text": "dolor ipsum Lorem Java adipiscing dolor", "createdAt": 1649927779000}' to topic='twitter-topic'
2022-04-14 09:16:29 [pool-1-thread-1] INFO  c.m.d.t.t.k.s.l.TwitterKafkaStatusListener - Received status text elit libero amet purus pulvinar magna sit Elasticsearch adipiscing sit amet adipiscing porttitor sending to kafka topic twitter-topic
2022-04-14 09:16:29 [pool-1-thread-1] INFO  c.m.d.k.p.c.s.i.TwitterKafkaProducer - Sending message='{"userId": 8440243811824623081, "id": 1422900943538569195, "text": "elit libero amet purus pulvinar magna sit Elasticsearch adipiscing sit amet adipiscing porttitor", "createdAt": 1649927789000}' to topic='twitter-topic'
2022-04-14 09:16:39 [pool-1-thread-1] INFO  c.m.d.t.t.k.s.l.TwitterKafkaStatusListener - Received status text adipiscing Fusce massa dolor Kafka sed Fusce sending to kafka topic twitter-topic
2022-04-14 09:16:39 [pool-1-thread-1] INFO  c.m.d.k.p.c.s.i.TwitterKafkaProducer - Sending message='{"userId": 2030406157596898987, "id": 6347861123704825191, "text": "adipiscing Fusce massa dolor Kafka sed Fusce", "createdAt": 1649927799000}' to topic='twitter-topic'
2022-04-14 09:16:49 [pool-1-thread-1] INFO  c.m.d.t.t.k.s.l.TwitterKafkaStatusListener - Received status text ultricies libero lectus Fusce Elasticsearch magna malesuada sending to kafka topic twitter-topic
2022-04-14 09:16:49 [pool-1-thread-1] INFO  c.m.d.k.p.c.s.i.TwitterKafkaProducer - Sending message='{"userId": 8199716693860374184, "id": 7000726381029965617, "text": "ultricies libero lectus Fusce Elasticsearch magna malesuada", "createdAt": 1649927809000}' to topic='twitter-topic'
2022-04-14 09:16:59 [pool-1-thread-1] INFO  c.m.d.t.t.k.s.l.TwitterKafkaStatusListener - Received status text amet congue adipiscing posuere Java congue libero sending to kafka topic twitter-topic
2022-04-14 09:16:59 [pool-1-thread-1] INFO  c.m.d.k.p.c.s.i.TwitterKafkaProducer - Sending message='{"userId": 6039436338742213375, "id": 4192227151547203178, "text": "amet congue adipiscing posuere Java congue libero", "createdAt": 1649927819000}' to topic='twitter-topic'
2022-04-14 09:17:09 [pool-1-thread-1] INFO  c.m.d.t.t.k.s.l.TwitterKafkaStatusListener - Received status text elit elit sed libero purus sed Microservices lectus adipiscing consectetuer malesuada purus sending to kafka topic twitter-topic
2022-04-14 09:17:10 [pool-1-thread-1] INFO  c.m.d.k.p.c.s.i.TwitterKafkaProducer - Sending message='{"userId": 2190184161667906310, "id": 2807609838352255927, "text": "elit elit sed libero purus sed Microservices lectus adipiscing consectetuer malesuada purus", "createdAt": 1649927829000}' to topic='twitter-topic'
2022-04-14 09:17:19 [pool-1-thread-1] INFO  c.m.d.t.t.k.s.l.TwitterKafkaStatusListener - Received status text massa ipsum libero posuere adipiscing Microservices lectus ultricies lectus sit sending to kafka topic twitter-topic
2022-04-14 09:17:19 [pool-1-thread-1] INFO  c.m.d.k.p.c.s.i.TwitterKafkaProducer - Sending message='{"userId": 438246864058006342, "id": 8524091863402870735, "text": "massa ipsum libero posuere adipiscing Microservices lectus ultricies lectus sit", "createdAt": 1649927839000}' to topic='twitter-topic'
2022-04-14 09:17:29 [pool-1-thread-1] INFO  c.m.d.t.t.k.s.l.TwitterKafkaStatusListener - Received status text sit Maecenas lectus congue malesuada porttitor libero Microservices malesuada magna porttitor libero massa pulvinar sending to kafka topic twitter-topic
2022-04-14 09:17:30 [pool-1-thread-1] INFO  c.m.d.k.p.c.s.i.TwitterKafkaProducer - Sending message='{"userId": 6113123290450717329, "id": 3272644008924594664, "text": "sit Maecenas lectus congue malesuada porttitor libero Microservices malesuada magna porttitor libero massa pulvinar", "createdAt": 1649927849000}' to topic='twitter-topic'
2022-04-14 09:17:40 [pool-1-thread-1] INFO  c.m.d.t.t.k.s.l.TwitterKafkaStatusListener - Received status text malesuada dolor ipsum lectus amet lectus Fusce Java sed Fusce sit elit Maecenas sending to kafka topic twitter-topic
2022-04-14 09:17:40 [pool-1-thread-1] INFO  c.m.d.k.p.c.s.i.TwitterKafkaProducer - Sending message='{"userId": 1015078883500896784, "id": 8631599973057203591, "text": "malesuada dolor ipsum lectus amet lectus Fusce Java sed Fusce sit elit Maecenas", "createdAt": 1649927860000}' to topic='twitter-topic'
2022-04-14 09:17:49 [pool-1-thread-1] INFO  c.m.d.t.t.k.s.l.TwitterKafkaStatusListener - Received status text libero Lorem amet malesuada Microservices amet posuere dolor sending to kafka topic twitter-topic
2022-04-14 09:17:50 [pool-1-thread-1] INFO  c.m.d.k.p.c.s.i.TwitterKafkaProducer - Sending message='{"userId": 7387523758039094721, "id": 1403196584533709192, "text": "libero Lorem amet malesuada Microservices amet posuere dolor", "createdAt": 1649927869000}' to topic='twitter-topic'
2022-04-14 09:18:00 [pool-1-thread-1] INFO  c.m.d.t.t.k.s.l.TwitterKafkaStatusListener - Received status text purus sed adipiscing pulvinar sit Fusce massa Elasticsearch dolor pulvinar sit porttitor elit sending to kafka topic twitter-topic
2022-04-14 09:18:00 [pool-1-thread-1] INFO  c.m.d.k.p.c.s.i.TwitterKafkaProducer - Sending message='{"userId": 3020429174225304104, "id": 7148265577672065831, "text": "purus sed adipiscing pulvinar sit Fusce massa Elasticsearch dolor pulvinar sit porttitor elit", "createdAt": 1649927880000}' to topic='twitter-topic'
2022-04-14 09:18:10 [pool-1-thread-1] INFO  c.m.d.t.t.k.s.l.TwitterKafkaStatusListener - Received status text consectetuer adipiscing magna sed malesuada libero Java amet porttitor magna ipsum ipsum sending to kafka topic twitter-topic
2022-04-14 09:18:10 [pool-1-thread-1] INFO  c.m.d.k.p.c.s.i.TwitterKafkaProducer - Sending message='{"userId": 315032116878654226, "id": 8504085346497166226, "text": "consectetuer adipiscing magna sed malesuada libero Java amet porttitor magna ipsum ipsum", "createdAt": 1649927890000}' to topic='twitter-topic'
2022-04-14 09:18:20 [pool-1-thread-1] INFO  c.m.d.t.t.k.s.l.TwitterKafkaStatusListener - Received status text amet amet sed Microservices dolor posuere sending to kafka topic twitter-topic
2022-04-14 09:18:20 [pool-1-thread-1] INFO  c.m.d.k.p.c.s.i.TwitterKafkaProducer - Sending message='{"userId": 1616163333894334322, "id": 634538272162023856, "text": "amet amet sed Microservices dolor posuere", "createdAt": 1649927900000}' to topic='twitter-topic'
2022-04-14 09:18:30 [pool-1-thread-1] INFO  c.m.d.t.t.k.s.l.TwitterKafkaStatusListener - Received status text amet libero sed Microservices sit lectus sending to kafka topic twitter-topic
2022-04-14 09:18:30 [pool-1-thread-1] INFO  c.m.d.k.p.c.s.i.TwitterKafkaProducer - Sending message='{"userId": 1001222575876795511, "id": 1342880288211085022, "text": "amet libero sed Microservices sit lectus", "createdAt": 1649927910000}' to topic='twitter-topic'
2022-04-14 09:18:40 [pool-1-thread-1] INFO  c.m.d.t.t.k.s.l.TwitterKafkaStatusListener - Received status text massa magna libero amet malesuada sit purus Kafka purus congue pulvinar sed malesuada sending to kafka topic twitter-topic
2022-04-14 09:18:40 [pool-1-thread-1] INFO  c.m.d.k.p.c.s.i.TwitterKafkaProducer - Sending message='{"userId": 6438277557353617065, "id": 4027733893724987771, "text": "massa magna libero amet malesuada sit purus Kafka purus congue pulvinar sed malesuada", "createdAt": 1649927920000}' to topic='twitter-topic'
2022-04-14 09:18:50 [pool-1-thread-1] INFO  c.m.d.t.t.k.s.l.TwitterKafkaStatusListener - Received status text porttitor porttitor consectetuer sed Kafka pulvinar lectus Lorem sending to kafka topic twitter-topic
2022-04-14 09:18:50 [pool-1-thread-1] INFO  c.m.d.k.p.c.s.i.TwitterKafkaProducer - Sending message='{"userId": 6258720090757511160, "id": 4880932595803871822, "text": "porttitor porttitor consectetuer sed Kafka pulvinar lectus Lorem", "createdAt": 1649927930000}' to topic='twitter-topic'
2022-04-14 09:19:00 [pool-1-thread-1] INFO  c.m.d.t.t.k.s.l.TwitterKafkaStatusListener - Received status text congue pulvinar consectetuer Java pulvinar ultricies sending to kafka topic twitter-topic
2022-04-14 09:19:00 [pool-1-thread-1] INFO  c.m.d.k.p.c.s.i.TwitterKafkaProducer - Sending message='{"userId": 8712811904687517674, "id": 1741113488323669299, "text": "congue pulvinar consectetuer Java pulvinar ultricies", "createdAt": 1649927940000}' to topic='twitter-topic'
2022-04-14 09:19:10 [pool-1-thread-1] INFO  c.m.d.t.t.k.s.l.TwitterKafkaStatusListener - Received status text sit purus ipsum amet porttitor sed Microservices porttitor dolor congue Fusce sending to kafka topic twitter-topic
2022-04-14 09:19:10 [pool-1-thread-1] INFO  c.m.d.k.p.c.s.i.TwitterKafkaProducer - Sending message='{"userId": 8029443144026978935, "id": 1815497472303931211, "text": "sit purus ipsum amet porttitor sed Microservices porttitor dolor congue Fusce", "createdAt": 1649927950000}' to topic='twitter-topic'
2022-04-14 09:19:20 [pool-1-thread-1] INFO  c.m.d.t.t.k.s.l.TwitterKafkaStatusListener - Received status text posuere congue libero adipiscing Kafka dolor amet porttitor sending to kafka topic twitter-topic
2022-04-14 09:19:20 [pool-1-thread-1] INFO  c.m.d.k.p.c.s.i.TwitterKafkaProducer - Sending message='{"userId": 328184948127788693, "id": 4979234464053221948, "text": "posuere congue libero adipiscing Kafka dolor amet porttitor", "createdAt": 1649927960000}' to topic='twitter-topic'
2022-04-14 09:19:30 [pool-1-thread-1] INFO  c.m.d.t.t.k.s.l.TwitterKafkaStatusListener - Received status text malesuada ultricies purus magna porttitor Java massa lectus ipsum sending to kafka topic twitter-topic
2022-04-14 09:19:30 [pool-1-thread-1] INFO  c.m.d.k.p.c.s.i.TwitterKafkaProducer - Sending message='{"userId": 4811187941745481523, "id": 5601795869691000755, "text": "malesuada ultricies purus magna porttitor Java massa lectus ipsum", "createdAt": 1649927970000}' to topic='twitter-topic'
2022-04-14 09:19:40 [pool-1-thread-1] INFO  c.m.d.t.t.k.s.l.TwitterKafkaStatusListener - Received status text ultricies malesuada libero elit purus amet Elasticsearch amet purus malesuada sed Fusce sending to kafka topic twitter-topic
2022-04-14 09:19:40 [pool-1-thread-1] INFO  c.m.d.k.p.c.s.i.TwitterKafkaProducer - Sending message='{"userId": 7606289289125910690, "id": 6586710731853854576, "text": "ultricies malesuada libero elit purus amet Elasticsearch amet purus malesuada sed Fusce", "createdAt": 1649927980000}' to topic='twitter-topic'
2022-04-14 09:19:50 [pool-1-thread-1] INFO  c.m.d.t.t.k.s.l.TwitterKafkaStatusListener - Received status text adipiscing malesuada adipiscing malesuada malesuada Java congue pulvinar libero ultricies sending to kafka topic twitter-topic
2022-04-14 09:19:50 [pool-1-thread-1] INFO  c.m.d.k.p.c.s.i.TwitterKafkaProducer - Sending message='{"userId": 7413371416063150396, "id": 8096826362246246815, "text": "adipiscing malesuada adipiscing malesuada malesuada Java congue pulvinar libero ultricies", "createdAt": 1649927990000}' to topic='twitter-topic'
2022-04-14 09:20:00 [pool-1-thread-1] INFO  c.m.d.t.t.k.s.l.TwitterKafkaStatusListener - Received status text massa sit Fusce Microservices consectetuer pulvinar sending to kafka topic twitter-topic
2022-04-14 09:20:00 [pool-1-thread-1] INFO  c.m.d.k.p.c.s.i.TwitterKafkaProducer - Sending message='{"userId": 4033449512071116528, "id": 7798692466842572989, "text": "massa sit Fusce Microservices consectetuer pulvinar", "createdAt": 1649928000000}' to topic='twitter-topic'
2022-04-14 09:20:10 [pool-1-thread-1] INFO  c.m.d.t.t.k.s.l.TwitterKafkaStatusListener - Received status text posuere ultricies sed dolor sed Elasticsearch lectus Fusce elit sending to kafka topic twitter-topic
2022-04-14 09:20:10 [pool-1-thread-1] INFO  c.m.d.k.p.c.s.i.TwitterKafkaProducer - Sending message='{"userId": 8511742994123022644, "id": 6863546884787857415, "text": "posuere ultricies sed dolor sed Elasticsearch lectus Fusce elit", "createdAt": 1649928010000}' to topic='twitter-topic'
2022-04-14 09:20:20 [pool-1-thread-1] INFO  c.m.d.t.t.k.s.l.TwitterKafkaStatusListener - Received status text sed ipsum porttitor magna Elasticsearch Lorem adipiscing sending to kafka topic twitter-topic
2022-04-14 09:20:20 [pool-1-thread-1] INFO  c.m.d.k.p.c.s.i.TwitterKafkaProducer - Sending message='{"userId": 3685731564650274484, "id": 2028981599162697578, "text": "sed ipsum porttitor magna Elasticsearch Lorem adipiscing", "createdAt": 1649928020000}' to topic='twitter-topic'
2022-04-14 09:20:30 [pool-1-thread-1] INFO  c.m.d.t.t.k.s.l.TwitterKafkaStatusListener - Received status text Lorem Fusce elit massa sit Java consectetuer ultricies lectus sending to kafka topic twitter-topic
2022-04-14 09:20:30 [pool-1-thread-1] INFO  c.m.d.k.p.c.s.i.TwitterKafkaProducer - Sending message='{"userId": 3654889766850467162, "id": 8876538685059171360, "text": "Lorem Fusce elit massa sit Java consectetuer ultricies lectus", "createdAt": 1649928030000}' to topic='twitter-topic'
2022-04-14 09:20:40 [pool-1-thread-1] INFO  c.m.d.t.t.k.s.l.TwitterKafkaStatusListener - Received status text sit consectetuer adipiscing Maecenas elit ipsum massa lectus Java massa Lorem ultricies Maecenas sed ultricies sending to kafka topic twitter-topic
2022-04-14 09:20:40 [pool-1-thread-1] INFO  c.m.d.k.p.c.s.i.TwitterKafkaProducer - Sending message='{"userId": 1031015276274346851, "id": 6735309635052474995, "text": "sit consectetuer adipiscing Maecenas elit ipsum massa lectus Java massa Lorem ultricies Maecenas sed ultricies", "createdAt": 1649928040000}' to topic='twitter-topic'
2022-04-14 09:20:50 [pool-1-thread-1] INFO  c.m.d.t.t.k.s.l.TwitterKafkaStatusListener - Received status text posuere congue purus Java Fusce Fusce sending to kafka topic twitter-topic
2022-04-14 09:20:50 [pool-1-thread-1] INFO  c.m.d.k.p.c.s.i.TwitterKafkaProducer - Sending message='{"userId": 3855040865030381852, "id": 1939230375305355407, "text": "posuere congue purus Java Fusce Fusce", "createdAt": 1649928050000}' to topic='twitter-topic'
2022-04-14 09:21:00 [pool-1-thread-1] INFO  c.m.d.t.t.k.s.l.TwitterKafkaStatusListener - Received status text magna libero lectus adipiscing Elasticsearch ipsum adipiscing sending to kafka topic twitter-topic
2022-04-14 09:21:00 [pool-1-thread-1] INFO  c.m.d.k.p.c.s.i.TwitterKafkaProducer - Sending message='{"userId": 2633191010745297625, "id": 4909807837297081903, "text": "magna libero lectus adipiscing Elasticsearch ipsum adipiscing", "createdAt": 1649928060000}' to topic='twitter-topic'
2022-04-14 09:21:10 [pool-1-thread-1] INFO  c.m.d.t.t.k.s.l.TwitterKafkaStatusListener - Received status text ipsum lectus porttitor pulvinar malesuada porttitor Kafka consectetuer ipsum Lorem congue consectetuer sending to kafka topic twitter-topic
2022-04-14 09:21:10 [pool-1-thread-1] INFO  c.m.d.k.p.c.s.i.TwitterKafkaProducer - Sending message='{"userId": 8005290502434129796, "id": 477764042461748140, "text": "ipsum lectus porttitor pulvinar malesuada porttitor Kafka consectetuer ipsum Lorem congue consectetuer", "createdAt": 1649928070000}' to topic='twitter-topic'
2022-04-14 09:21:20 [pool-1-thread-1] INFO  c.m.d.t.t.k.s.l.TwitterKafkaStatusListener - Received status text posuere massa porttitor congue ipsum consectetuer purus Kafka elit congue magna congue amet sending to kafka topic twitter-topic
2022-04-14 09:21:20 [pool-1-thread-1] INFO  c.m.d.k.p.c.s.i.TwitterKafkaProducer - Sending message='{"userId": 2758944249769302990, "id": 1940481854261049887, "text": "posuere massa porttitor congue ipsum consectetuer purus Kafka elit congue magna congue amet", "createdAt": 1649928080000}' to topic='twitter-topic'
2022-04-14 09:21:30 [pool-1-thread-1] INFO  c.m.d.t.t.k.s.l.TwitterKafkaStatusListener - Received status text sit ipsum ultricies Kafka ultricies sit sending to kafka topic twitter-topic
2022-04-14 09:21:30 [pool-1-thread-1] INFO  c.m.d.k.p.c.s.i.TwitterKafkaProducer - Sending message='{"userId": 9019216061972972368, "id": 1445979451247818013, "text": "sit ipsum ultricies Kafka ultricies sit", "createdAt": 1649928090000}' to topic='twitter-topic'
2022-04-14 09:21:40 [pool-1-thread-1] INFO  c.m.d.t.t.k.s.l.TwitterKafkaStatusListener - Received status text posuere purus ipsum Elasticsearch elit dolor sending to kafka topic twitter-topic
2022-04-14 09:21:40 [pool-1-thread-1] INFO  c.m.d.k.p.c.s.i.TwitterKafkaProducer - Sending message='{"userId": 7968053594520134436, "id": 3548140473409675811, "text": "posuere purus ipsum Elasticsearch elit dolor", "createdAt": 1649928100000}' to topic='twitter-topic'
2022-04-14 09:21:50 [pool-1-thread-1] INFO  c.m.d.t.t.k.s.l.TwitterKafkaStatusListener - Received status text libero posuere porttitor sit posuere magna Java consectetuer adipiscing porttitor malesuada sending to kafka topic twitter-topic
2022-04-14 09:21:50 [pool-1-thread-1] INFO  c.m.d.k.p.c.s.i.TwitterKafkaProducer - Sending message='{"userId": 7651702759539654835, "id": 584837217440805838, "text": "libero posuere porttitor sit posuere magna Java consectetuer adipiscing porttitor malesuada", "createdAt": 1649928110000}' to topic='twitter-topic'
2022-04-14 09:22:00 [pool-1-thread-1] INFO  c.m.d.t.t.k.s.l.TwitterKafkaStatusListener - Received status text ultricies sed pulvinar Lorem Kafka sed lectus sending to kafka topic twitter-topic
2022-04-14 09:22:00 [pool-1-thread-1] INFO  c.m.d.k.p.c.s.i.TwitterKafkaProducer - Sending message='{"userId": 662061628318843438, "id": 8264678250033618495, "text": "ultricies sed pulvinar Lorem Kafka sed lectus", "createdAt": 1649928120000}' to topic='twitter-topic'
2022-04-14 09:22:10 [pool-1-thread-1] INFO  c.m.d.t.t.k.s.l.TwitterKafkaStatusListener - Received status text amet lectus lectus ipsum elit sit malesuada Elasticsearch consectetuer amet consectetuer Lorem elit sending to kafka topic twitter-topic
2022-04-14 09:22:10 [pool-1-thread-1] INFO  c.m.d.k.p.c.s.i.TwitterKafkaProducer - Sending message='{"userId": 2448662819797726632, "id": 7530201157337879653, "text": "amet lectus lectus ipsum elit sit malesuada Elasticsearch consectetuer amet consectetuer Lorem elit", "createdAt": 1649928130000}' to topic='twitter-topic'
2022-04-14 09:22:20 [pool-1-thread-1] INFO  c.m.d.t.t.k.s.l.TwitterKafkaStatusListener - Received status text consectetuer lectus congue adipiscing ipsum Fusce Microservices libero porttitor dolor posuere sending to kafka topic twitter-topic
2022-04-14 09:22:20 [pool-1-thread-1] INFO  c.m.d.k.p.c.s.i.TwitterKafkaProducer - Sending message='{"userId": 603445525766580121, "id": 1213828464976250755, "text": "consectetuer lectus congue adipiscing ipsum Fusce Microservices libero porttitor dolor posuere", "createdAt": 1649928140000}' to topic='twitter-topic'
2022-04-14 09:22:30 [pool-1-thread-1] INFO  c.m.d.t.t.k.s.l.TwitterKafkaStatusListener - Received status text elit Fusce lectus purus Maecenas malesuada Java dolor malesuada sit porttitor sending to kafka topic twitter-topic
2022-04-14 09:22:30 [pool-1-thread-1] INFO  c.m.d.k.p.c.s.i.TwitterKafkaProducer - Sending message='{"userId": 2045838651717488859, "id": 6305031680085938172, "text": "elit Fusce lectus purus Maecenas malesuada Java dolor malesuada sit porttitor", "createdAt": 1649928150000}' to topic='twitter-topic'
2022-04-14 09:22:40 [pool-1-thread-1] INFO  c.m.d.t.t.k.s.l.TwitterKafkaStatusListener - Received status text purus sed sed purus congue Kafka massa purus posuere sending to kafka topic twitter-topic
2022-04-14 09:22:40 [pool-1-thread-1] INFO  c.m.d.k.p.c.s.i.TwitterKafkaProducer - Sending message='{"userId": 2136487588900144009, "id": 6330385721473554649, "text": "purus sed sed purus congue Kafka massa purus posuere", "createdAt": 1649928160000}' to topic='twitter-topic'
2022-04-14 09:22:50 [pool-1-thread-1] INFO  c.m.d.t.t.k.s.l.TwitterKafkaStatusListener - Received status text massa Maecenas elit ultricies ultricies congue Elasticsearch pulvinar elit consectetuer Maecenas sending to kafka topic twitter-topic
2022-04-14 09:22:50 [pool-1-thread-1] INFO  c.m.d.k.p.c.s.i.TwitterKafkaProducer - Sending message='{"userId": 3137308558534157050, "id": 6802109314171018948, "text": "massa Maecenas elit ultricies ultricies congue Elasticsearch pulvinar elit consectetuer Maecenas", "createdAt": 1649928170000}' to topic='twitter-topic'
2022-04-14 09:23:00 [pool-1-thread-1] INFO  c.m.d.t.t.k.s.l.TwitterKafkaStatusListener - Received status text sed elit purus adipiscing elit ultricies Maecenas sed Kafka pulvinar Maecenas amet porttitor sit amet posuere sending to kafka topic twitter-topic
2022-04-14 09:23:00 [pool-1-thread-1] INFO  c.m.d.k.p.c.s.i.TwitterKafkaProducer - Sending message='{"userId": 7458626416475636625, "id": 8135850584320758097, "text": "sed elit purus adipiscing elit ultricies Maecenas sed Kafka pulvinar Maecenas amet porttitor sit amet posuere", "createdAt": 1649928180000}' to topic='twitter-topic'
2022-04-14 09:23:10 [pool-1-thread-1] INFO  c.m.d.t.t.k.s.l.TwitterKafkaStatusListener - Received status text ipsum amet sit congue amet Java adipiscing sed porttitor sending to kafka topic twitter-topic
2022-04-14 09:23:10 [pool-1-thread-1] INFO  c.m.d.k.p.c.s.i.TwitterKafkaProducer - Sending message='{"userId": 1833654568343550088, "id": 7604087697787559968, "text": "ipsum amet sit congue amet Java adipiscing sed porttitor", "createdAt": 1649928190000}' to topic='twitter-topic'
2022-04-14 09:23:20 [pool-1-thread-1] INFO  c.m.d.t.t.k.s.l.TwitterKafkaStatusListener - Received status text magna malesuada Maecenas massa amet Lorem Java amet pulvinar sed pulvinar pulvinar sending to kafka topic twitter-topic
2022-04-14 09:23:20 [pool-1-thread-1] INFO  c.m.d.k.p.c.s.i.TwitterKafkaProducer - Sending message='{"userId": 326967686919851189, "id": 3085769110039910706, "text": "magna malesuada Maecenas massa amet Lorem Java amet pulvinar sed pulvinar pulvinar", "createdAt": 1649928200000}' to topic='twitter-topic'
2022-04-14 09:23:30 [pool-1-thread-1] INFO  c.m.d.t.t.k.s.l.TwitterKafkaStatusListener - Received status text sed congue dolor Maecenas adipiscing ipsum libero Kafka adipiscing amet ipsum malesuada malesuada pulvinar sending to kafka topic twitter-topic
2022-04-14 09:23:30 [pool-1-thread-1] INFO  c.m.d.k.p.c.s.i.TwitterKafkaProducer - Sending message='{"userId": 7886318826647177163, "id": 7950227754502093998, "text": "sed congue dolor Maecenas adipiscing ipsum libero Kafka adipiscing amet ipsum malesuada malesuada pulvinar", "createdAt": 1649928210000}' to topic='twitter-topic'
2022-04-14 09:23:40 [pool-1-thread-1] INFO  c.m.d.t.t.k.s.l.TwitterKafkaStatusListener - Received status text pulvinar Fusce ultricies lectus magna congue Kafka Maecenas massa Fusce dolor massa sending to kafka topic twitter-topic
2022-04-14 09:23:40 [pool-1-thread-1] INFO  c.m.d.k.p.c.s.i.TwitterKafkaProducer - Sending message='{"userId": 1545206846226638682, "id": 4897636037969542855, "text": "pulvinar Fusce ultricies lectus magna congue Kafka Maecenas massa Fusce dolor massa", "createdAt": 1649928220000}' to topic='twitter-topic'
2022-04-14 09:23:50 [pool-1-thread-1] INFO  c.m.d.t.t.k.s.l.TwitterKafkaStatusListener - Received status text Lorem posuere libero Fusce sed Elasticsearch elit congue elit sending to kafka topic twitter-topic
2022-04-14 09:23:50 [pool-1-thread-1] INFO  c.m.d.k.p.c.s.i.TwitterKafkaProducer - Sending message='{"userId": 1216715168390014779, "id": 397721140481360807, "text": "Lorem posuere libero Fusce sed Elasticsearch elit congue elit", "createdAt": 1649928230000}' to topic='twitter-topic'
2022-04-14 09:24:00 [pool-1-thread-1] INFO  c.m.d.t.t.k.s.l.TwitterKafkaStatusListener - Received status text posuere sed adipiscing malesuada Maecenas Java libero malesuada consectetuer sending to kafka topic twitter-topic
2022-04-14 09:24:00 [pool-1-thread-1] INFO  c.m.d.k.p.c.s.i.TwitterKafkaProducer - Sending message='{"userId": 5965242448445796713, "id": 4880058028254124334, "text": "posuere sed adipiscing malesuada Maecenas Java libero malesuada consectetuer", "createdAt": 1649928240000}' to topic='twitter-topic'
2022-04-14 09:24:10 [pool-1-thread-1] INFO  c.m.d.t.t.k.s.l.TwitterKafkaStatusListener - Received status text congue malesuada congue posuere adipiscing elit Microservices Maecenas consectetuer pulvinar elit massa sending to kafka topic twitter-topic
2022-04-14 09:24:10 [pool-1-thread-1] INFO  c.m.d.k.p.c.s.i.TwitterKafkaProducer - Sending message='{"userId": 7002910705409222621, "id": 2235993554726288497, "text": "congue malesuada congue posuere adipiscing elit Microservices Maecenas consectetuer pulvinar elit massa", "createdAt": 1649928250000}' to topic='twitter-topic'
2022-04-14 09:24:20 [pool-1-thread-1] INFO  c.m.d.t.t.k.s.l.TwitterKafkaStatusListener - Received status text amet dolor lectus elit Java purus consectetuer ipsum sending to kafka topic twitter-topic
2022-04-14 09:24:20 [pool-1-thread-1] INFO  c.m.d.k.p.c.s.i.TwitterKafkaProducer - Sending message='{"userId": 2937027898382718141, "id": 6457655708099445067, "text": "amet dolor lectus elit Java purus consectetuer ipsum", "createdAt": 1649928260000}' to topic='twitter-topic'
2022-04-14 09:24:30 [pool-1-thread-1] INFO  c.m.d.t.t.k.s.l.TwitterKafkaStatusListener - Received status text massa pulvinar posuere Lorem sed libero sed Elasticsearch porttitor ipsum porttitor elit libero Fusce sending to kafka topic twitter-topic
2022-04-14 09:24:30 [pool-1-thread-1] INFO  c.m.d.k.p.c.s.i.TwitterKafkaProducer - Sending message='{"userId": 1833596096625349898, "id": 666237684966306653, "text": "massa pulvinar posuere Lorem sed libero sed Elasticsearch porttitor ipsum porttitor elit libero Fusce", "createdAt": 1649928270000}' to topic='twitter-topic'
2022-04-14 09:24:40 [pool-1-thread-1] INFO  c.m.d.t.t.k.s.l.TwitterKafkaStatusListener - Received status text amet sed posuere dolor sed Microservices consectetuer posuere magna congue sending to kafka topic twitter-topic
2022-04-14 09:24:40 [pool-1-thread-1] INFO  c.m.d.k.p.c.s.i.TwitterKafkaProducer - Sending message='{"userId": 3069976082744971249, "id": 3589563506294738749, "text": "amet sed posuere dolor sed Microservices consectetuer posuere magna congue", "createdAt": 1649928280000}' to topic='twitter-topic'
2022-04-14 09:24:50 [pool-1-thread-1] INFO  c.m.d.t.t.k.s.l.TwitterKafkaStatusListener - Received status text consectetuer Lorem Fusce consectetuer libero pulvinar pulvinar posuere Kafka dolor elit adipiscing posuere posuere consectetuer sending to kafka topic twitter-topic
2022-04-14 09:24:50 [pool-1-thread-1] INFO  c.m.d.k.p.c.s.i.TwitterKafkaProducer - Sending message='{"userId": 4015839401227719076, "id": 4366341697769136338, "text": "consectetuer Lorem Fusce consectetuer libero pulvinar pulvinar posuere Kafka dolor elit adipiscing posuere posuere consectetuer", "createdAt": 1649928290000}' to topic='twitter-topic'
2022-04-14 09:25:00 [pool-1-thread-1] INFO  c.m.d.t.t.k.s.l.TwitterKafkaStatusListener - Received status text sit elit sit Lorem Java malesuada ultricies sending to kafka topic twitter-topic
2022-04-14 09:25:00 [pool-1-thread-1] INFO  c.m.d.k.p.c.s.i.TwitterKafkaProducer - Sending message='{"userId": 2113774252273535017, "id": 2521589221221571264, "text": "sit elit sit Lorem Java malesuada ultricies", "createdAt": 1649928300000}' to topic='twitter-topic'
2022-04-14 09:25:10 [pool-1-thread-1] INFO  c.m.d.t.t.k.s.l.TwitterKafkaStatusListener - Received status text consectetuer Lorem porttitor magna Elasticsearch massa adipiscing Maecenas sending to kafka topic twitter-topic
2022-04-14 09:25:10 [pool-1-thread-1] INFO  c.m.d.k.p.c.s.i.TwitterKafkaProducer - Sending message='{"userId": 905058598185443711, "id": 8047823894624436548, "text": "consectetuer Lorem porttitor magna Elasticsearch massa adipiscing Maecenas", "createdAt": 1649928310000}' to topic='twitter-topic'
2022-04-14 09:25:20 [pool-1-thread-1] INFO  c.m.d.t.t.k.s.l.TwitterKafkaStatusListener - Received status text sit porttitor ipsum Maecenas ultricies purus pulvinar Kafka ipsum lectus Lorem lectus consectetuer libero sending to kafka topic twitter-topic
2022-04-14 09:25:20 [pool-1-thread-1] INFO  c.m.d.k.p.c.s.i.TwitterKafkaProducer - Sending message='{"userId": 6805641289941692519, "id": 5571200043513810317, "text": "sit porttitor ipsum Maecenas ultricies purus pulvinar Kafka ipsum lectus Lorem lectus consectetuer libero", "createdAt": 1649928320000}' to topic='twitter-topic'
2022-04-14 09:25:30 [pool-1-thread-1] INFO  c.m.d.t.t.k.s.l.TwitterKafkaStatusListener - Received status text Lorem magna pulvinar Kafka elit sed sending to kafka topic twitter-topic
2022-04-14 09:25:30 [pool-1-thread-1] INFO  c.m.d.k.p.c.s.i.TwitterKafkaProducer - Sending message='{"userId": 5913878926426581424, "id": 436265573187278122, "text": "Lorem magna pulvinar Kafka elit sed", "createdAt": 1649928330000}' to topic='twitter-topic'
2022-04-14 09:25:40 [pool-1-thread-1] INFO  c.m.d.t.t.k.s.l.TwitterKafkaStatusListener - Received status text amet lectus dolor Microservices congue libero sending to kafka topic twitter-topic
2022-04-14 09:25:40 [pool-1-thread-1] INFO  c.m.d.k.p.c.s.i.TwitterKafkaProducer - Sending message='{"userId": 8148349457422903740, "id": 8545214831704336742, "text": "amet lectus dolor Microservices congue libero", "createdAt": 1649928340000}' to topic='twitter-topic'
2022-04-14 09:25:50 [pool-1-thread-1] INFO  c.m.d.t.t.k.s.l.TwitterKafkaStatusListener - Received status text ultricies magna pulvinar amet sit dolor Fusce Maecenas Java libero sed dolor sit Maecenas sed congue sending to kafka topic twitter-topic
2022-04-14 09:25:50 [pool-1-thread-1] INFO  c.m.d.k.p.c.s.i.TwitterKafkaProducer - Sending message='{"userId": 7337958566199894950, "id": 8291407789405451458, "text": "ultricies magna pulvinar amet sit dolor Fusce Maecenas Java libero sed dolor sit Maecenas sed congue", "createdAt": 1649928350000}' to topic='twitter-topic'
2022-04-14 09:26:00 [pool-1-thread-1] INFO  c.m.d.t.t.k.s.l.TwitterKafkaStatusListener - Received status text lectus ipsum elit Lorem malesuada dolor ultricies sit Elasticsearch massa Lorem lectus purus amet congue sending to kafka topic twitter-topic
2022-04-14 09:26:00 [pool-1-thread-1] INFO  c.m.d.k.p.c.s.i.TwitterKafkaProducer - Sending message='{"userId": 5715010419452012660, "id": 6567788193722766427, "text": "lectus ipsum elit Lorem malesuada dolor ultricies sit Elasticsearch massa Lorem lectus purus amet congue", "createdAt": 1649928360000}' to topic='twitter-topic'
2022-04-14 09:26:10 [pool-1-thread-1] INFO  c.m.d.t.t.k.s.l.TwitterKafkaStatusListener - Received status text sed adipiscing magna ipsum purus Microservices sed pulvinar purus sending to kafka topic twitter-topic
2022-04-14 09:26:10 [pool-1-thread-1] INFO  c.m.d.k.p.c.s.i.TwitterKafkaProducer - Sending message='{"userId": 3186427889451620155, "id": 1296091452075071994, "text": "sed adipiscing magna ipsum purus Microservices sed pulvinar purus", "createdAt": 1649928370000}' to topic='twitter-topic'
2022-04-14 09:26:20 [pool-1-thread-1] INFO  c.m.d.t.t.k.s.l.TwitterKafkaStatusListener - Received status text congue purus lectus adipiscing Lorem adipiscing Microservices congue dolor amet purus pulvinar sending to kafka topic twitter-topic
2022-04-14 09:26:20 [pool-1-thread-1] INFO  c.m.d.k.p.c.s.i.TwitterKafkaProducer - Sending message='{"userId": 8237804553318620104, "id": 82097890873400008, "text": "congue purus lectus adipiscing Lorem adipiscing Microservices congue dolor amet purus pulvinar", "createdAt": 1649928380000}' to topic='twitter-topic'
2022-04-14 09:26:30 [pool-1-thread-1] INFO  c.m.d.t.t.k.s.l.TwitterKafkaStatusListener - Received status text malesuada libero ipsum Fusce Fusce porttitor Microservices Lorem Lorem sit dolor sending to kafka topic twitter-topic
2022-04-14 09:26:30 [pool-1-thread-1] INFO  c.m.d.k.p.c.s.i.TwitterKafkaProducer - Sending message='{"userId": 9026110255859409756, "id": 2837259605711873441, "text": "malesuada libero ipsum Fusce Fusce porttitor Microservices Lorem Lorem sit dolor", "createdAt": 1649928390000}' to topic='twitter-topic'
2022-04-14 09:26:40 [pool-1-thread-1] INFO  c.m.d.t.t.k.s.l.TwitterKafkaStatusListener - Received status text posuere dolor Lorem consectetuer elit sit consectetuer purus Elasticsearch porttitor porttitor sed amet magna Lorem sending to kafka topic twitter-topic
2022-04-14 09:26:40 [pool-1-thread-1] INFO  c.m.d.k.p.c.s.i.TwitterKafkaProducer - Sending message='{"userId": 8165791691578421409, "id": 176414251385512154, "text": "posuere dolor Lorem consectetuer elit sit consectetuer purus Elasticsearch porttitor porttitor sed amet magna Lorem", "createdAt": 1649928400000}' to topic='twitter-topic'
2022-04-14 09:26:50 [pool-1-thread-1] INFO  c.m.d.t.t.k.s.l.TwitterKafkaStatusListener - Received status text ultricies posuere adipiscing sed consectetuer Kafka magna posuere elit lectus sending to kafka topic twitter-topic
2022-04-14 09:26:50 [pool-1-thread-1] INFO  c.m.d.k.p.c.s.i.TwitterKafkaProducer - Sending message='{"userId": 5701815712540874204, "id": 6345743866567587863, "text": "ultricies posuere adipiscing sed consectetuer Kafka magna posuere elit lectus", "createdAt": 1649928410000}' to topic='twitter-topic'
2022-04-14 09:27:00 [pool-1-thread-1] INFO  c.m.d.t.t.k.s.l.TwitterKafkaStatusListener - Received status text consectetuer Lorem Maecenas Lorem magna malesuada porttitor Elasticsearch dolor elit ipsum pulvinar Fusce sending to kafka topic twitter-topic
2022-04-14 09:27:00 [pool-1-thread-1] INFO  c.m.d.k.p.c.s.i.TwitterKafkaProducer - Sending message='{"userId": 8143852277028761751, "id": 4088326778966198338, "text": "consectetuer Lorem Maecenas Lorem magna malesuada porttitor Elasticsearch dolor elit ipsum pulvinar Fusce", "createdAt": 1649928420000}' to topic='twitter-topic'
2022-04-14 09:27:10 [pool-1-thread-1] INFO  c.m.d.t.t.k.s.l.TwitterKafkaStatusListener - Received status text adipiscing ultricies Maecenas sit Java massa sed sending to kafka topic twitter-topic
2022-04-14 09:27:10 [pool-1-thread-1] INFO  c.m.d.k.p.c.s.i.TwitterKafkaProducer - Sending message='{"userId": 919647887652877068, "id": 1112039175389494424, "text": "adipiscing ultricies Maecenas sit Java massa sed", "createdAt": 1649928430000}' to topic='twitter-topic'
2022-04-14 09:32:55 [pool-1-thread-1] INFO  c.m.d.t.t.k.s.l.TwitterKafkaStatusListener - Received status text dolor sed lectus Elasticsearch lectus elit sending to kafka topic twitter-topic
2022-04-14 09:32:55 [pool-1-thread-1] INFO  c.m.d.k.p.c.s.i.TwitterKafkaProducer - Sending message='{"userId": 206749676268223259, "id": 1919582442711753035, "text": "dolor sed lectus Elasticsearch lectus elit", "createdAt": 1649928775000}' to topic='twitter-topic'
2022-04-14 09:33:18 [pool-1-thread-1] INFO  c.m.d.t.t.k.s.l.TwitterKafkaStatusListener - Received status text posuere massa purus Lorem malesuada Kafka posuere libero sed pulvinar sending to kafka topic twitter-topic
2022-04-14 09:33:18 [pool-1-thread-1] INFO  c.m.d.k.p.c.s.i.TwitterKafkaProducer - Sending message='{"userId": 7589002085325806615, "id": 4973709865650516962, "text": "posuere massa purus Lorem malesuada Kafka posuere libero sed pulvinar", "createdAt": 1649928798000}' to topic='twitter-topic'
